TN:
SF:eslint.config.js
FN:1,(empty-report)
FNF:1
FNH:0
FNDA:0,(empty-report)
DA:1,0
DA:2,0
DA:3,0
DA:4,0
DA:5,0
DA:6,0
DA:7,0
DA:8,0
DA:9,0
DA:10,0
DA:11,0
DA:12,0
DA:13,0
DA:14,0
DA:15,0
DA:16,0
DA:17,0
DA:18,0
DA:19,0
DA:20,0
DA:21,0
DA:22,0
DA:23,0
DA:24,0
DA:25,0
DA:26,0
DA:27,0
DA:28,0
DA:29,0
DA:30,0
DA:31,0
DA:32,0
DA:33,0
DA:34,0
DA:35,0
DA:36,0
DA:37,0
DA:38,0
DA:39,0
DA:40,0
DA:41,0
DA:42,0
DA:43,0
DA:44,0
DA:45,0
DA:46,0
DA:47,0
DA:48,0
DA:49,0
DA:50,0
LF:50
LH:0
BRDA:1,0,0,0
BRF:1
BRH:0
end_of_record
TN:
SF:postcss.config.js
FN:1,(empty-report)
FNF:1
FNH:0
FNDA:0,(empty-report)
DA:1,0
DA:2,0
DA:3,0
DA:4,0
DA:5,0
DA:6,0
LF:6
LH:0
BRDA:1,0,0,0
BRF:1
BRH:0
end_of_record
TN:
SF:tailwind.config.js
FN:1,(empty-report)
FNF:1
FNH:0
FNDA:0,(empty-report)
DA:1,0
DA:2,0
DA:3,0
DA:4,0
DA:5,0
DA:6,0
DA:7,0
DA:8,0
DA:9,0
DA:10,0
DA:11,0
LF:11
LH:0
BRDA:1,0,0,0
BRF:1
BRH:0
end_of_record
TN:
SF:vite.config.ts
FN:1,(empty-report)
FNF:1
FNH:0
FNDA:0,(empty-report)
DA:1,0
DA:2,0
DA:3,0
DA:6,0
DA:7,0
DA:8,0
DA:9,0
DA:10,0
DA:11,0
DA:12,0
DA:13,0
DA:14,0
DA:15,0
DA:16,0
DA:17,0
DA:18,0
DA:19,0
DA:20,0
DA:21,0
DA:22,0
DA:23,0
DA:24,0
DA:25,0
DA:26,0
DA:27,0
DA:28,0
DA:29,0
DA:30,0
DA:31,0
DA:32,0
DA:33,0
DA:34,0
LF:32
LH:0
BRDA:1,0,0,0
BRF:1
BRH:0
end_of_record
TN:
SF:dist\assets\index-CdbVOmAH.js
FN:1,(empty-report)
FNF:1
FNH:0
FNDA:0,(empty-report)
DA:1,0
DA:2,0
DA:3,0
DA:4,0
DA:5,0
DA:6,0
DA:7,0
DA:8,0
DA:9,0
DA:10,0
DA:11,0
LF:11
LH:0
BRDA:1,0,0,0
BRF:1
BRH:0
end_of_record
TN:
SF:src\api\client.ts
FN:26,<instance_members_initializer>
FN:54,get
FN:92,post
FN:124,put
FN:156,patch
FN:187,delete
FNF:6
FNH:1
FNDA:0,<instance_members_initializer>
FNDA:3,get
FNDA:0,post
FNDA:0,put
FNDA:0,patch
FNDA:0,delete
DA:21,1
DA:26,1
DA:27,0
DA:28,0
DA:29,0
DA:31,0
DA:32,0
DA:33,0
DA:34,0
DA:35,0
DA:36,0
DA:37,0
DA:38,0
DA:39,0
DA:40,0
DA:41,0
DA:42,0
DA:47,1
DA:54,1
DA:55,3
DA:56,1
DA:57,1
DA:58,1
DA:59,3
DA:61,3
DA:63,3
DA:64,3
DA:65,3
DA:66,3
DA:67,3
DA:68,3
DA:69,3
DA:71,3
DA:72,0
DA:73,0
DA:74,0
DA:76,3
DA:77,3
DA:78,0
DA:79,0
DA:80,0
DA:82,0
DA:83,0
DA:84,3
DA:92,1
DA:93,0
DA:95,0
DA:96,0
DA:97,0
DA:98,0
DA:99,0
DA:100,0
DA:101,0
DA:102,0
DA:104,0
DA:105,0
DA:106,0
DA:107,0
DA:109,0
DA:110,0
DA:111,0
DA:112,0
DA:113,0
DA:114,0
DA:115,0
DA:116,0
DA:124,1
DA:125,0
DA:127,0
DA:128,0
DA:129,0
DA:130,0
DA:131,0
DA:132,0
DA:133,0
DA:134,0
DA:136,0
DA:137,0
DA:138,0
DA:139,0
DA:141,0
DA:142,0
DA:143,0
DA:144,0
DA:145,0
DA:146,0
DA:147,0
DA:148,0
DA:156,1
DA:157,0
DA:159,0
DA:160,0
DA:161,0
DA:162,0
DA:163,0
DA:164,0
DA:165,0
DA:166,0
DA:168,0
DA:169,0
DA:170,0
DA:171,0
DA:173,0
DA:174,0
DA:175,0
DA:176,0
DA:177,0
DA:178,0
DA:179,0
DA:180,0
DA:187,1
DA:188,0
DA:190,0
DA:191,0
DA:192,0
DA:193,0
DA:194,0
DA:195,0
DA:196,0
DA:198,0
DA:199,0
DA:200,0
DA:201,0
DA:204,0
DA:205,0
DA:206,0
DA:208,0
DA:209,0
DA:210,0
DA:211,0
DA:212,0
DA:213,0
DA:214,0
DA:215,0
DA:216,1
LF:135
LH:26
BRDA:26,0,0,0
BRDA:54,1,0,3
BRDA:55,2,0,1
BRDA:59,3,0,2
BRDA:71,4,0,0
BRDA:77,5,0,0
BRDA:57,6,0,2
BRDA:58,7,0,2
BRF:8
BRH:5
end_of_record
TN:
SF:src\api\products.api.ts
FN:24,listProducts
FNF:1
FNH:1
FNDA:2,listProducts
DA:1,1
DA:24,2
DA:25,2
DA:26,2
DA:27,2
DA:28,2
LF:6
LH:6
BRDA:24,0,0,2
BRF:1
BRH:1
end_of_record
TN:
SF:src\api\products.v2.api.ts
FN:24,listProductsV2
FNF:1
FNH:1
FNDA:1,listProductsV2
DA:1,1
DA:24,1
DA:25,1
DA:26,1
DA:27,1
DA:28,1
LF:6
LH:6
BRDA:24,0,0,1
BRF:1
BRH:1
end_of_record
TN:
SF:src\components\products\ProductCard.tsx
FN:39,ProductCard
FN:114,onClick
FNF:2
FNH:1
FNDA:2,ProductCard
FNDA:0,onClick
DA:1,1
DA:39,1
DA:41,2
DA:42,2
DA:43,2
DA:45,2
DA:46,2
DA:48,2
DA:50,2
DA:51,0
DA:52,0
DA:53,0
DA:57,2
DA:58,2
DA:59,2
DA:60,2
DA:61,2
DA:63,2
DA:64,2
DA:65,2
DA:66,2
DA:67,2
DA:68,2
DA:69,2
DA:70,2
DA:73,2
DA:75,2
DA:76,2
DA:77,2
DA:80,2
DA:81,2
DA:82,2
DA:83,2
DA:84,2
DA:85,0
DA:86,0
DA:87,0
DA:89,2
DA:92,2
DA:93,0
DA:95,0
DA:96,0
DA:97,0
DA:98,0
DA:99,0
DA:100,0
DA:102,0
DA:103,0
DA:104,0
DA:105,0
DA:106,0
DA:107,0
DA:108,0
DA:109,0
DA:113,2
DA:114,2
DA:115,2
DA:116,2
DA:118,2
DA:119,2
DA:120,2
DA:121,2
DA:122,2
DA:124,2
DA:125,2
DA:126,2
DA:127,2
DA:128,2
DA:129,2
DA:130,2
DA:132,2
DA:133,2
DA:134,2
DA:136,2
LF:74
LH:53
BRDA:39,0,0,2
BRDA:50,1,0,0
BRDA:84,2,0,0
BRDA:92,3,0,0
BRF:4
BRH:1
end_of_record
TN:
SF:src\components\products\ProductCardV2.tsx
FN:40,ProductCardV2
FN:63,onError
FN:105,onClick
FNF:3
FNH:1
FNDA:2,ProductCardV2
FNDA:0,onError
FNDA:0,onClick
DA:1,1
DA:40,1
DA:41,2
DA:42,2
DA:43,2
DA:44,2
DA:46,2
DA:47,2
DA:49,2
DA:51,2
DA:52,1
DA:53,1
DA:54,1
DA:58,2
DA:59,2
DA:60,2
DA:61,2
DA:62,2
DA:63,2
DA:64,0
DA:65,0
DA:66,2
DA:67,2
DA:70,2
DA:72,2
DA:73,2
DA:74,2
DA:77,2
DA:78,2
DA:79,2
DA:80,2
DA:81,2
DA:84,2
DA:86,2
DA:87,2
DA:88,10
DA:89,10
DA:90,10
DA:91,10
DA:92,10
DA:94,10
DA:95,10
DA:96,2
DA:97,2
DA:98,2
DA:99,2
DA:100,2
DA:101,2
DA:104,2
DA:105,2
DA:106,2
DA:107,2
DA:109,2
DA:110,2
DA:111,2
DA:112,2
DA:113,2
DA:115,2
DA:116,2
DA:117,2
DA:118,2
DA:119,2
DA:120,2
DA:121,2
DA:123,2
DA:124,2
DA:125,2
DA:127,2
LF:68
LH:66
BRDA:40,0,0,2
BRDA:41,1,0,0
BRDA:42,2,0,1
BRDA:43,3,0,0
BRDA:51,4,0,1
BRDA:99,5,0,0
BRDA:87,6,0,10
BRDA:90,7,0,0
BRF:8
BRH:4
end_of_record
TN:
SF:src\components\products\ProductList.tsx
FN:34,ProductList
FNF:1
FNH:1
FNDA:2,ProductList
DA:1,1
DA:34,1
DA:35,2
DA:38,2
DA:39,1
DA:40,1
DA:41,1
DA:42,1
DA:43,1
DA:45,1
DA:48,2
DA:49,0
DA:50,0
DA:51,0
DA:52,0
DA:53,0
DA:54,0
DA:55,0
DA:56,0
DA:58,0
DA:59,0
DA:60,0
DA:61,0
DA:62,0
DA:63,0
DA:64,0
DA:65,0
DA:67,0
DA:68,0
DA:69,0
DA:70,0
DA:71,0
DA:72,0
DA:74,0
DA:75,0
DA:76,0
DA:77,0
DA:78,0
DA:80,0
DA:83,2
DA:84,0
DA:85,0
DA:86,0
DA:87,0
DA:88,0
DA:89,0
DA:90,0
DA:92,0
DA:93,0
DA:94,0
DA:95,0
DA:96,0
DA:97,0
DA:98,0
DA:99,0
DA:101,0
DA:102,0
DA:104,0
DA:105,0
DA:107,0
DA:110,1
DA:111,1
DA:113,1
DA:114,1
DA:115,1
DA:116,1
DA:117,1
DA:118,1
DA:119,1
DA:120,1
DA:121,1
DA:122,1
DA:123,1
DA:124,1
DA:125,1
DA:126,1
DA:127,1
DA:128,1
DA:129,1
DA:130,1
DA:131,1
DA:132,1
DA:133,1
DA:135,1
DA:136,1
DA:137,1
DA:138,1
DA:139,1
DA:141,1
DA:142,1
DA:143,1
DA:144,1
DA:145,1
DA:146,1
DA:147,1
DA:149,1
DA:150,1
DA:154,2
DA:155,2
DA:156,2
DA:157,2
DA:158,2
DA:161,2
DA:162,0
DA:163,0
DA:164,0
DA:166,2
DA:168,2
LF:108
LH:57
BRDA:34,0,0,2
BRDA:38,1,0,1
BRDA:48,2,0,0
BRDA:80,3,0,1
BRDA:83,4,0,0
BRDA:107,5,0,1
BRDA:161,6,0,1
BRDA:161,7,0,0
BRDA:155,8,0,2
BRF:9
BRH:6
end_of_record
TN:
SF:src\components\products\ProductListV2.tsx
FN:34,ProductListV2
FNF:1
FNH:1
FNDA:2,ProductListV2
DA:1,1
DA:34,1
DA:35,2
DA:38,2
DA:39,1
DA:40,1
DA:41,1
DA:42,1
DA:43,1
DA:45,1
DA:48,2
DA:49,0
DA:50,0
DA:51,0
DA:52,0
DA:53,0
DA:54,0
DA:55,0
DA:56,0
DA:58,0
DA:59,0
DA:60,0
DA:61,0
DA:62,0
DA:63,0
DA:64,0
DA:65,0
DA:67,0
DA:68,0
DA:69,0
DA:70,0
DA:71,0
DA:72,0
DA:74,0
DA:75,0
DA:76,0
DA:77,0
DA:78,0
DA:80,0
DA:83,2
DA:84,0
DA:85,0
DA:86,0
DA:87,0
DA:88,0
DA:89,0
DA:90,0
DA:92,0
DA:93,0
DA:94,0
DA:95,0
DA:96,0
DA:97,0
DA:98,0
DA:99,0
DA:101,0
DA:102,0
DA:104,0
DA:105,0
DA:107,0
DA:110,1
DA:111,1
DA:113,1
DA:114,1
DA:115,1
DA:116,1
DA:117,1
DA:118,1
DA:119,1
DA:120,1
DA:121,1
DA:122,1
DA:123,1
DA:124,1
DA:125,1
DA:126,1
DA:127,1
DA:128,1
DA:129,1
DA:130,1
DA:131,1
DA:132,1
DA:133,1
DA:135,1
DA:136,1
DA:137,1
DA:138,1
DA:139,1
DA:141,1
DA:142,1
DA:143,1
DA:144,1
DA:145,1
DA:146,1
DA:147,1
DA:149,1
DA:150,1
DA:154,2
DA:155,2
DA:156,2
DA:157,2
DA:158,2
DA:161,2
DA:162,0
DA:163,0
DA:164,0
DA:166,2
DA:168,2
LF:108
LH:57
BRDA:34,0,0,2
BRDA:38,1,0,1
BRDA:48,2,0,0
BRDA:80,3,0,1
BRDA:83,4,0,0
BRDA:107,5,0,1
BRDA:161,6,0,1
BRDA:161,7,0,0
BRDA:155,8,0,2
BRF:9
BRH:6
end_of_record
TN:
SF:src\hooks\useProducts.ts
FN:53,useProducts
FN:63,fetchProducts
FN:106,refetch
FNF:3
FNH:2
FNDA:4,useProducts
FNDA:2,fetchProducts
FNDA:0,refetch
DA:1,1
DA:53,1
DA:54,4
DA:55,4
DA:56,4
DA:57,4
DA:58,4
DA:60,4
DA:61,2
DA:63,2
DA:64,2
DA:65,2
DA:66,2
DA:68,2
DA:71,2
DA:72,2
DA:73,2
DA:74,2
DA:75,2
DA:76,2
DA:77,2
DA:78,2
DA:79,2
DA:80,2
DA:81,0
DA:83,0
DA:85,0
DA:86,0
DA:87,0
DA:88,2
DA:89,2
DA:90,2
DA:91,2
DA:92,2
DA:93,2
DA:95,2
DA:98,2
DA:99,2
DA:100,2
DA:101,4
DA:106,4
DA:107,0
DA:108,0
DA:110,4
DA:111,4
DA:112,4
DA:113,4
DA:114,4
DA:115,4
DA:116,4
DA:117,4
LF:51
LH:44
BRDA:53,0,0,4
BRDA:101,1,0,2
BRDA:101,2,0,2
BRDA:101,3,0,2
BRDA:101,4,0,2
BRDA:60,5,0,2
BRDA:63,6,0,2
BRDA:80,7,0,0
BRDA:98,8,0,2
BRF:9
BRH:8
end_of_record
TN:
SF:src\hooks\useProductsV2.ts
FN:53,useProductsV2
FN:63,fetchProducts
FN:106,refetch
FNF:3
FNH:2
FNDA:2,useProductsV2
FNDA:1,fetchProducts
FNDA:0,refetch
DA:1,1
DA:53,1
DA:54,2
DA:55,2
DA:56,2
DA:57,2
DA:58,2
DA:60,2
DA:61,1
DA:63,1
DA:64,1
DA:65,1
DA:66,1
DA:68,1
DA:71,1
DA:72,1
DA:73,1
DA:74,1
DA:75,1
DA:76,1
DA:77,1
DA:78,1
DA:79,1
DA:80,1
DA:81,0
DA:83,0
DA:85,0
DA:86,0
DA:87,0
DA:88,1
DA:89,1
DA:90,1
DA:91,1
DA:92,1
DA:93,1
DA:95,1
DA:98,1
DA:99,1
DA:100,1
DA:101,2
DA:106,2
DA:107,0
DA:108,0
DA:110,2
DA:111,2
DA:112,2
DA:113,2
DA:114,2
DA:115,2
DA:116,2
DA:117,2
LF:51
LH:44
BRDA:53,0,0,2
BRDA:101,1,0,0
BRDA:101,2,0,0
BRDA:101,3,0,0
BRDA:101,4,0,0
BRDA:60,5,0,1
BRDA:63,6,0,1
BRDA:80,7,0,0
BRDA:98,8,0,1
BRF:9
BRH:4
end_of_record
TN:
SF:src\pages\ProductsPage.tsx
FN:1,(empty-report)
FNF:1
FNH:0
FNDA:0,(empty-report)
DA:1,0
DA:29,0
DA:30,0
DA:31,0
DA:33,0
DA:34,0
DA:35,0
DA:36,0
DA:37,0
DA:38,0
DA:40,0
DA:41,0
DA:42,0
DA:43,0
DA:44,0
DA:47,0
DA:48,0
DA:49,0
DA:50,0
DA:52,0
LF:20
LH:0
BRDA:1,0,0,0
BRF:1
BRH:0
end_of_record
TN:
SF:src\pages\ProductsPageV2.tsx
FN:1,(empty-report)
FNF:1
FNH:0
FNDA:0,(empty-report)
DA:1,0
DA:25,0
DA:26,0
DA:27,0
DA:29,0
DA:30,0
DA:31,0
DA:32,0
DA:33,0
DA:35,0
DA:36,0
DA:38,0
DA:39,0
DA:40,0
DA:41,0
DA:42,0
DA:45,0
DA:46,0
DA:47,0
DA:48,0
DA:50,0
LF:21
LH:0
BRDA:1,0,0,0
BRF:1
BRH:0
end_of_record
TN:
SF:src\services\products.service.ts
FN:45,getAllProducts
FNF:1
FNH:1
FNDA:2,getAllProducts
DA:1,1
DA:32,1
DA:45,1
DA:48,2
DA:49,2
DA:63,1
LF:6
LH:6
BRDA:45,0,0,2
BRF:1
BRH:1
end_of_record
TN:
SF:src\services\products.v2.service.ts
FN:36,getAllProductsV2
FNF:1
FNH:1
FNDA:1,getAllProductsV2
DA:1,1
DA:29,1
DA:36,1
DA:37,1
DA:38,1
DA:39,1
LF:6
LH:6
BRDA:36,0,0,1
BRF:1
BRH:1
end_of_record
TN:
SF:src\test\utils.ts
FN:5,renderWithProviders
FNF:1
FNH:1
FNDA:3,renderWithProviders
DA:1,1
DA:5,1
DA:6,3
DA:7,3
LF:4
LH:4
BRDA:5,0,0,3
BRF:1
BRH:1
end_of_record
TN:
SF:src\test\mocks\handlers.ts
FN:65,buildPage
FNF:1
FNH:1
FNDA:3,buildPage
DA:1,1
DA:4,1
DA:7,1
DA:8,1
DA:9,1
DA:10,1
DA:11,1
DA:12,1
DA:13,1
DA:14,1
DA:15,1
DA:16,1
DA:17,1
DA:18,1
DA:19,1
DA:20,1
DA:21,1
DA:22,1
DA:23,1
DA:24,1
DA:25,1
DA:26,1
DA:27,1
DA:28,1
DA:29,1
DA:30,1
DA:33,1
DA:34,1
DA:35,1
DA:36,1
DA:37,1
DA:38,1
DA:39,1
DA:40,1
DA:41,1
DA:42,1
DA:43,1
DA:44,1
DA:45,1
DA:46,1
DA:47,1
DA:48,1
DA:49,1
DA:50,1
DA:51,1
DA:52,1
DA:53,1
DA:54,1
DA:55,1
DA:56,1
DA:57,1
DA:58,1
DA:59,1
DA:60,1
DA:61,1
DA:62,1
DA:65,1
DA:66,3
DA:67,3
DA:68,3
DA:69,3
DA:70,3
DA:71,3
DA:73,1
DA:75,1
DA:76,0
DA:77,0
DA:78,0
DA:79,0
DA:80,1
DA:82,1
DA:83,2
DA:84,2
DA:85,2
DA:86,2
DA:87,1
DA:90,1
DA:91,0
DA:92,0
DA:93,0
DA:94,0
DA:95,1
DA:97,1
DA:98,1
DA:99,1
DA:100,1
DA:101,1
DA:102,1
DA:103,1
LF:89
LH:81
BRDA:65,0,0,3
BRDA:82,1,0,2
BRDA:84,2,0,1
BRDA:85,3,0,1
BRDA:97,4,0,1
BRF:5
BRH:5
end_of_record
TN:
SF:src\tests\component\ProductList.test.tsx
FNF:0
FNH:0
DA:1,1
DA:2,1
DA:3,1
DA:5,1
DA:6,1
DA:7,1
DA:10,1
DA:11,1
DA:14,1
DA:17,1
DA:18,1
DA:21,1
DA:22,1
DA:23,1
LF:14
LH:14
BRDA:5,0,0,1
BRDA:6,1,0,1
BRDA:17,2,0,34
BRDA:17,3,0,12
BRF:4
BRH:4
end_of_record
TN:
SF:src\tests\component\ProductListV2.test.tsx
FNF:0
FNH:0
DA:1,1
DA:2,1
DA:3,1
DA:5,1
DA:6,1
DA:7,1
DA:9,1
DA:11,1
DA:13,1
DA:14,1
DA:15,1
DA:16,1
LF:12
LH:12
BRDA:5,0,0,1
BRDA:6,1,0,1
BRDA:13,2,0,59
BRDA:13,3,0,31
BRF:4
BRH:4
end_of_record
TN:
SF:src\tests\hooks\useProducts.test.tsx
FN:6,HookConsumer
FNF:1
FNH:1
FNDA:2,HookConsumer
DA:1,1
DA:2,1
DA:3,1
DA:4,1
DA:6,2
DA:7,2
DA:8,2
DA:10,2
DA:11,2
DA:12,2
DA:13,2
DA:14,2
DA:15,2
DA:16,2
DA:17,2
DA:18,2
DA:19,2
DA:20,2
DA:22,2
DA:24,1
DA:25,1
DA:26,1
DA:28,1
DA:29,1
DA:30,1
DA:31,1
LF:26
LH:26
BRDA:6,0,0,2
BRDA:8,1,0,2
BRDA:16,2,0,2
BRDA:24,3,0,1
BRDA:25,4,0,1
BRF:5
BRH:5
end_of_record
TN:
SF:src\utils\constants.ts
FNF:0
FNH:0
DA:16,1
DA:25,1
DA:30,1
DA:35,1
DA:40,1
DA:49,1
DA:54,1
DA:59,1
DA:68,1
DA:73,1
DA:78,1
DA:87,1
DA:92,1
DA:97,1
DA:102,1
DA:111,1
DA:116,1
DA:121,1
LF:18
LH:18
BRF:0
BRH:0
end_of_record
TN:
SF:src\utils\error-handlers.ts
FN:30,transformErrorMessage
FN:55,mapHttpErrorToMessage
FN:102,mapGenericErrorToMessage
FN:141,capitalize
FN:155,extractFieldErrors
FN:177,isNetworkError
FN:195,isValidationError
FN:208,isServerError
FNF:8
FNH:0
FNDA:0,transformErrorMessage
FNDA:0,mapHttpErrorToMessage
FNDA:0,mapGenericErrorToMessage
FNDA:0,capitalize
FNDA:0,extractFieldErrors
FNDA:0,isNetworkError
FNDA:0,isValidationError
FNDA:0,isServerError
DA:1,1
DA:30,1
DA:31,0
DA:32,0
DA:33,0
DA:35,0
DA:36,0
DA:37,0
DA:40,0
DA:41,0
DA:42,0
DA:45,0
DA:46,0
DA:55,0
DA:56,0
DA:58,0
DA:59,0
DA:60,0
DA:62,0
DA:63,0
DA:65,0
DA:66,0
DA:68,0
DA:69,0
DA:71,0
DA:72,0
DA:74,0
DA:75,0
DA:77,0
DA:78,0
DA:80,0
DA:81,0
DA:83,0
DA:84,0
DA:85,0
DA:87,0
DA:88,0
DA:90,0
DA:91,0
DA:92,0
DA:93,0
DA:102,0
DA:103,0
DA:104,0
DA:107,0
DA:108,0
DA:109,0
DA:112,0
DA:113,0
DA:114,0
DA:117,0
DA:118,0
DA:119,0
DA:122,0
DA:123,0
DA:124,0
DA:127,0
DA:128,0
DA:129,0
DA:132,0
DA:133,0
DA:141,0
DA:142,0
DA:143,0
DA:155,1
DA:156,0
DA:157,0
DA:158,0
DA:160,0
DA:161,0
DA:162,0
DA:163,0
DA:165,0
DA:166,0
DA:167,0
DA:168,0
DA:169,0
DA:177,1
DA:178,0
DA:179,0
DA:180,0
DA:181,0
DA:182,0
DA:183,0
DA:185,0
DA:186,0
DA:187,0
DA:195,1
DA:196,0
DA:197,0
DA:198,0
DA:199,0
DA:200,0
DA:208,1
DA:209,0
DA:210,0
DA:211,0
DA:212,0
DA:213,0
LF:99
LH:6
BRF:0
BRH:0
end_of_record
TN:
SF:src\utils\formatters.ts
FN:21,truncateText
FN:37,formatPrice
FN:51,formatDate
FN:66,formatRating
FN:82,formatDiscount
FNF:5
FNH:3
FNDA:0,truncateText
FNDA:4,formatPrice
FNDA:0,formatDate
FNDA:2,formatRating
FNDA:1,formatDiscount
DA:1,1
DA:21,1
DA:22,0
DA:23,0
DA:24,0
DA:37,1
DA:38,4
DA:39,4
DA:51,1
DA:52,0
DA:53,0
DA:66,1
DA:67,2
DA:68,2
DA:69,2
DA:70,2
DA:82,1
DA:83,1
DA:84,1
DA:85,1
LF:20
LH:15
BRDA:37,0,0,4
BRDA:66,1,0,2
BRDA:82,2,0,1
BRF:3
BRH:3
end_of_record
TN:
SF:src\utils\pagination.ts
FN:19,calculatePageStartIndex
FN:35,calculatePageEndIndex
FN:53,shouldShowPagination
FN:69,generatePageRange
FN:98,formatPaginationInfo
FNF:5
FNH:2
FNDA:2,calculatePageStartIndex
FNDA:2,calculatePageEndIndex
FNDA:0,shouldShowPagination
FNDA:0,generatePageRange
FNDA:0,formatPaginationInfo
DA:19,1
DA:20,2
DA:21,2
DA:35,1
DA:36,2
DA:37,2
DA:38,2
DA:39,2
DA:40,2
DA:41,2
DA:53,1
DA:54,0
DA:55,0
DA:69,1
DA:70,0
DA:71,0
DA:72,0
DA:73,0
DA:74,0
DA:75,0
DA:76,0
DA:79,0
DA:80,0
DA:81,0
DA:83,0
DA:84,0
DA:98,1
DA:99,0
DA:100,0
DA:101,0
DA:102,0
DA:103,0
DA:104,0
DA:105,0
DA:106,0
LF:35
LH:13
BRDA:19,0,0,2
BRDA:35,1,0,2
BRF:2
BRH:2
end_of_record
TN:
SF:src\utils\validators.ts
FN:1,(empty-report)
FNF:1
FNH:0
FNDA:0,(empty-report)
DA:1,0
DA:25,0
DA:26,0
DA:27,0
DA:28,0
DA:40,0
DA:41,0
DA:42,0
DA:43,0
DA:45,0
DA:46,0
DA:47,0
DA:48,0
DA:49,0
DA:50,0
DA:52,0
DA:53,0
DA:54,0
DA:55,0
DA:56,0
DA:57,0
DA:59,0
DA:60,0
DA:68,0
DA:69,0
DA:70,0
DA:72,0
DA:73,0
DA:74,0
DA:76,0
DA:77,0
DA:78,0
DA:79,0
DA:80,0
DA:81,0
DA:83,0
DA:84,0
DA:96,0
DA:97,0
DA:98,0
DA:99,0
DA:101,0
DA:102,0
DA:103,0
DA:105,0
DA:106,0
DA:118,0
DA:119,0
DA:120,0
DA:121,0
DA:122,0
DA:123,0
DA:124,0
DA:125,0
DA:137,0
DA:138,0
DA:139,0
DA:140,0
DA:153,0
DA:154,0
DA:155,0
DA:163,0
DA:164,0
DA:165,0
LF:64
LH:0
BRDA:1,0,0,0
BRF:1
BRH:0
end_of_record
