TN:
SF:eslint.config.js
FN:1,(empty-report)
FNF:1
FNH:0
FNDA:0,(empty-report)
DA:1,0
DA:2,0
DA:3,0
DA:4,0
DA:5,0
DA:6,0
DA:7,0
DA:8,0
DA:9,0
DA:10,0
DA:11,0
DA:12,0
DA:13,0
DA:14,0
DA:15,0
DA:16,0
DA:17,0
DA:18,0
DA:19,0
DA:20,0
DA:21,0
DA:22,0
DA:23,0
DA:24,0
DA:25,0
DA:26,0
DA:27,0
DA:28,0
DA:29,0
DA:30,0
DA:31,0
DA:32,0
DA:33,0
DA:34,0
DA:35,0
DA:36,0
DA:37,0
DA:38,0
DA:39,0
DA:40,0
DA:41,0
DA:42,0
DA:43,0
DA:44,0
DA:45,0
DA:46,0
DA:47,0
DA:48,0
DA:49,0
DA:50,0
LF:50
LH:0
BRDA:1,0,0,0
BRF:1
BRH:0
end_of_record
TN:
SF:postcss.config.js
FN:1,(empty-report)
FNF:1
FNH:0
FNDA:0,(empty-report)
DA:1,0
DA:2,0
DA:3,0
DA:4,0
DA:5,0
DA:6,0
LF:6
LH:0
BRDA:1,0,0,0
BRF:1
BRH:0
end_of_record
TN:
SF:tailwind.config.js
FN:1,(empty-report)
FNF:1
FNH:0
FNDA:0,(empty-report)
DA:1,0
DA:2,0
DA:3,0
DA:4,0
DA:5,0
DA:6,0
DA:7,0
DA:8,0
DA:9,0
DA:10,0
DA:11,0
LF:11
LH:0
BRDA:1,0,0,0
BRF:1
BRH:0
end_of_record
TN:
SF:vite.config.ts
FN:1,(empty-report)
FNF:1
FNH:0
FNDA:0,(empty-report)
DA:1,0
DA:2,0
DA:3,0
DA:6,0
DA:7,0
DA:8,0
DA:9,0
DA:10,0
DA:11,0
DA:12,0
DA:13,0
DA:14,0
DA:15,0
DA:16,0
DA:17,0
DA:18,0
DA:19,0
DA:20,0
DA:21,0
DA:22,0
DA:23,0
DA:24,0
DA:25,0
DA:26,0
DA:27,0
DA:28,0
DA:29,0
DA:30,0
DA:31,0
DA:32,0
DA:33,0
DA:34,0
LF:32
LH:0
BRDA:1,0,0,0
BRF:1
BRH:0
end_of_record
TN:
SF:dist\assets\index-CdbVOmAH.js
FN:1,(empty-report)
FNF:1
FNH:0
FNDA:0,(empty-report)
DA:1,0
DA:2,0
DA:3,0
DA:4,0
DA:5,0
DA:6,0
DA:7,0
DA:8,0
DA:9,0
DA:10,0
DA:11,0
LF:11
LH:0
BRDA:1,0,0,0
BRF:1
BRH:0
end_of_record
TN:
SF:src\__tests__\api\categories.api.test.ts
FNF:0
FNH:0
DA:1,1
DA:8,1
DA:9,1
DA:11,1
DA:12,1
DA:13,1
DA:14,1
DA:16,1
DA:17,1
DA:18,1
DA:19,1
DA:20,1
DA:21,1
DA:22,1
DA:23,1
DA:25,1
DA:26,1
DA:27,1
DA:29,1
DA:30,1
DA:31,1
DA:32,1
DA:34,1
DA:35,1
DA:36,1
DA:37,1
DA:39,1
DA:40,1
DA:42,2
DA:43,1
DA:44,1
DA:45,1
DA:47,1
DA:48,1
DA:49,1
DA:51,1
DA:52,1
DA:53,1
DA:54,1
DA:55,1
DA:57,1
DA:58,1
DA:60,1
DA:61,1
DA:62,1
DA:64,1
DA:65,1
DA:66,1
DA:67,1
DA:69,1
DA:70,1
DA:71,1
DA:72,1
DA:74,1
DA:75,1
DA:77,1
DA:78,1
DA:80,1
DA:81,1
DA:83,1
DA:84,1
DA:85,1
DA:87,1
DA:88,1
DA:90,1
DA:91,1
DA:93,1
DA:94,1
DA:95,1
DA:97,1
DA:99,1
DA:100,1
DA:101,1
DA:102,1
LF:74
LH:74
BRDA:11,0,0,1
BRDA:12,1,0,1
BRDA:13,2,0,1
BRDA:25,3,0,1
BRDA:26,4,0,1
BRDA:34,5,0,1
BRDA:39,6,0,1
BRDA:40,7,0,2
BRDA:42,8,0,1
BRDA:47,9,0,1
BRDA:57,10,0,1
BRDA:64,11,0,1
BRDA:65,12,0,1
BRDA:74,13,0,1
BRDA:80,14,0,1
BRDA:87,15,0,1
BRDA:88,16,0,1
BRDA:93,17,0,1
BRDA:97,18,0,1
BRF:19
BRH:19
end_of_record
TN:
SF:src\__tests__\api\products.v3.api.test.ts
FNF:0
FNH:0
DA:1,1
DA:2,1
DA:3,1
DA:5,1
DA:6,1
DA:7,1
DA:8,1
DA:10,1
DA:11,1
DA:12,1
DA:13,1
DA:14,1
DA:15,1
DA:16,1
DA:18,1
DA:19,1
DA:21,1
DA:22,1
DA:23,1
DA:24,1
DA:26,1
DA:27,1
DA:29,1
DA:30,1
DA:31,1
DA:32,1
DA:34,1
DA:35,1
DA:37,1
DA:38,1
DA:39,1
DA:41,1
DA:42,1
DA:44,1
DA:45,1
DA:46,1
DA:47,1
DA:48,1
DA:49,1
DA:50,1
DA:51,1
LF:41
LH:41
BRDA:5,0,0,1
BRDA:6,1,0,1
BRDA:7,2,0,1
BRDA:18,3,0,1
BRDA:26,4,0,1
BRDA:29,5,0,2
BRDA:34,6,0,1
BRDA:41,7,0,1
BRF:8
BRH:8
end_of_record
TN:
SF:src\__tests__\components\CategoryBadge.test.tsx
FNF:0
FNH:0
DA:1,1
DA:2,1
DA:3,1
DA:5,1
DA:6,1
DA:7,1
DA:8,1
DA:10,1
DA:11,1
DA:13,1
DA:14,1
DA:15,1
DA:17,1
DA:18,1
DA:19,1
DA:20,1
DA:21,1
DA:23,1
DA:24,1
DA:25,1
DA:27,1
DA:28,1
DA:30,1
DA:31,1
DA:32,1
DA:33,1
LF:26
LH:26
BRDA:5,0,0,1
BRDA:6,1,0,1
BRDA:13,2,0,1
BRDA:23,3,0,1
BRF:4
BRH:4
end_of_record
TN:
SF:src\__tests__\components\CategoryFilter.test.tsx
FNF:0
FNH:0
DA:1,1
DA:2,1
DA:3,1
DA:4,1
DA:6,1
DA:7,1
DA:8,1
DA:9,1
DA:11,1
DA:12,1
DA:13,1
DA:14,1
DA:16,1
DA:17,1
DA:18,1
DA:20,1
DA:21,1
DA:23,1
DA:24,1
DA:25,1
DA:27,1
DA:28,2
DA:29,1
DA:31,1
DA:32,1
DA:34,1
DA:35,1
DA:36,1
DA:38,1
DA:39,2
DA:40,1
DA:43,1
DA:44,1
DA:45,1
DA:47,1
DA:48,1
DA:49,1
DA:51,1
DA:53,1
DA:54,1
DA:55,1
DA:57,1
DA:58,1
DA:61,1
DA:62,1
DA:63,1
DA:65,1
DA:66,1
DA:67,1
DA:69,1
DA:70,1
DA:71,1
DA:73,1
DA:75,1
DA:76,1
DA:77,1
DA:79,1
DA:80,1
DA:82,1
DA:83,1
DA:85,1
DA:86,1
DA:87,1
DA:89,1
DA:90,1
DA:91,1
DA:93,1
DA:94,1
DA:95,1
DA:97,1
DA:98,1
DA:99,1
DA:101,1
DA:102,1
DA:103,1
DA:105,1
DA:106,1
DA:107,1
DA:108,1
LF:79
LH:79
BRDA:6,0,0,1
BRDA:7,1,0,1
BRDA:11,2,0,1
BRDA:16,3,0,1
BRDA:23,4,0,1
BRDA:27,5,0,2
BRDA:34,6,0,1
BRDA:38,7,0,2
BRDA:47,8,0,1
BRDA:53,9,0,1
BRDA:69,10,0,1
BRDA:75,11,0,1
BRDA:85,12,0,1
BRDA:89,13,0,1
BRDA:97,14,0,1
BRDA:101,15,0,1
BRF:16
BRH:16
end_of_record
TN:
SF:src\__tests__\components\CategorySelect.test.tsx
FNF:0
FNH:0
DA:1,1
DA:2,1
DA:3,1
DA:4,1
DA:6,1
DA:7,1
DA:8,1
DA:9,1
DA:11,1
DA:12,1
DA:13,1
DA:14,1
DA:16,1
DA:17,1
DA:18,1
DA:20,1
DA:21,1
DA:23,1
DA:24,1
DA:25,1
DA:27,1
DA:28,2
DA:29,1
DA:32,1
DA:33,1
DA:34,1
DA:36,1
DA:37,1
DA:38,1
DA:40,1
DA:42,1
DA:43,1
DA:44,1
DA:46,1
DA:47,1
DA:50,1
DA:51,1
DA:52,1
DA:54,1
DA:55,1
DA:56,1
DA:58,1
DA:59,1
DA:60,1
DA:62,1
DA:63,1
DA:64,1
DA:66,1
DA:67,1
DA:68,1
DA:70,1
DA:71,1
DA:72,1
DA:74,1
DA:75,1
DA:76,1
DA:78,1
DA:79,1
DA:80,1
DA:82,1
DA:83,1
DA:84,1
DA:86,1
DA:87,1
DA:88,1
DA:90,1
DA:91,1
DA:92,1
DA:94,1
DA:95,1
DA:96,1
DA:98,1
DA:99,2
DA:100,1
DA:102,1
DA:103,1
DA:104,1
LF:77
LH:77
BRDA:6,0,0,1
BRDA:7,1,0,1
BRDA:11,2,0,1
BRDA:16,3,0,1
BRDA:23,4,0,1
BRDA:27,5,0,2
BRDA:36,6,0,1
BRDA:42,7,0,1
BRDA:58,8,0,1
BRDA:62,9,0,1
BRDA:70,10,0,1
BRDA:74,11,0,1
BRDA:82,12,0,1
BRDA:86,13,0,1
BRDA:94,14,0,1
BRDA:98,15,0,2
BRF:16
BRH:16
end_of_record
TN:
SF:src\__tests__\components\ProductCardV3.test.tsx
FNF:0
FNH:0
DA:1,1
DA:2,1
DA:3,1
DA:6,1
DA:7,1
DA:8,1
DA:9,1
DA:10,1
DA:11,1
DA:12,1
DA:13,1
DA:14,1
DA:15,1
DA:16,1
DA:17,1
DA:18,1
DA:19,1
DA:20,1
DA:21,1
DA:22,1
DA:23,1
DA:25,1
DA:26,1
DA:27,1
DA:29,1
DA:30,1
DA:31,1
DA:33,1
DA:34,1
DA:36,1
DA:37,1
DA:39,1
DA:40,1
DA:42,1
DA:43,1
DA:44,1
DA:45,1
DA:47,1
DA:48,1
DA:50,1
DA:51,1
DA:52,1
DA:53,1
DA:55,1
DA:56,1
DA:58,1
DA:59,1
DA:61,1
DA:62,1
DA:63,1
DA:65,1
DA:66,1
DA:68,1
DA:69,1
DA:71,1
DA:72,1
DA:74,1
DA:75,1
DA:76,1
DA:78,1
DA:79,1
DA:81,1
DA:82,1
DA:83,1
DA:84,1
DA:85,1
DA:87,1
DA:89,1
DA:90,1
DA:91,1
DA:93,1
DA:94,1
DA:97,1
DA:99,1
DA:100,1
DA:101,1
LF:76
LH:76
BRDA:25,0,0,1
BRDA:26,1,0,1
BRDA:33,2,0,1
BRDA:39,3,0,1
BRDA:47,4,0,1
BRDA:55,5,0,1
BRDA:61,6,0,1
BRDA:68,7,0,1
BRDA:74,8,0,1
BRDA:81,9,0,1
BRDA:93,10,0,1
BRF:11
BRH:11
end_of_record
TN:
SF:src\__tests__\components\ProductList.test.tsx
FNF:0
FNH:0
DA:1,1
DA:2,1
DA:3,1
DA:4,1
DA:5,1
DA:6,1
DA:7,1
DA:9,1
DA:10,1
DA:11,7
DA:12,1
DA:14,1
DA:16,1
DA:17,1
DA:18,1
DA:19,1
DA:20,1
DA:21,1
DA:23,1
DA:26,1
DA:29,1
DA:30,1
DA:32,1
DA:33,1
DA:36,1
DA:37,1
DA:40,1
DA:43,1
DA:44,1
DA:46,1
DA:47,1
DA:50,1
DA:53,1
DA:54,1
DA:55,1
DA:56,1
DA:57,1
DA:59,1
DA:60,1
DA:61,1
DA:62,1
DA:63,1
DA:64,1
DA:66,1
DA:69,1
DA:70,1
DA:71,1
DA:73,1
DA:74,1
DA:75,1
DA:76,1
DA:77,1
DA:78,1
DA:79,1
DA:80,1
DA:81,1
DA:83,1
DA:86,1
DA:87,1
DA:88,1
DA:91,1
DA:94,1
DA:95,1
DA:97,1
DA:98,1
DA:100,1
DA:101,1
DA:102,2
DA:103,2
DA:104,1
DA:105,1
DA:106,1
DA:107,1
DA:108,1
DA:109,1
DA:110,1
DA:111,1
DA:113,1
DA:116,1
DA:119,1
DA:120,1
DA:123,1
DA:124,2
DA:125,1
DA:126,1
DA:128,1
DA:129,1
DA:132,1
DA:135,1
DA:136,1
DA:137,1
LF:91
LH:91
BRDA:9,0,0,1
BRDA:10,1,0,7
BRDA:14,2,0,1
BRDA:17,3,0,1
BRDA:32,4,0,1
BRDA:46,5,0,1
BRDA:54,6,0,45
BRDA:54,7,0,17
BRDA:59,8,0,1
BRDA:61,9,0,1
BRDA:73,10,0,1
BRDA:75,11,0,1
BRDA:97,12,0,1
BRDA:101,13,0,2
BRDA:103,14,0,1
BRDA:123,15,0,2
BRDA:128,16,0,1
BRF:17
BRH:17
end_of_record
TN:
SF:src\__tests__\components\ProductListV2.test.tsx
FNF:0
FNH:0
DA:1,1
DA:2,1
DA:3,1
DA:4,1
DA:5,1
DA:6,1
DA:7,1
DA:8,1
DA:10,1
DA:11,1
DA:12,11
DA:13,1
DA:15,1
DA:17,1
DA:18,1
DA:19,1
DA:20,1
DA:21,1
DA:22,1
DA:24,1
DA:27,1
DA:30,1
DA:31,1
DA:33,1
DA:34,1
DA:37,1
DA:40,1
DA:43,1
DA:44,1
DA:46,1
DA:47,1
DA:50,1
DA:53,1
DA:54,1
DA:55,1
DA:56,1
DA:57,1
DA:59,1
DA:60,1
DA:63,1
DA:66,1
DA:67,1
DA:69,1
DA:70,1
DA:73,1
DA:76,1
DA:77,1
DA:79,1
DA:80,1
DA:83,1
DA:86,1
DA:87,1
DA:90,1
DA:91,1
DA:92,1
DA:93,1
DA:95,1
DA:97,1
DA:98,1
DA:99,1
DA:100,1
DA:101,1
DA:102,1
DA:103,1
DA:104,1
DA:105,1
DA:106,1
DA:107,1
DA:108,1
DA:109,1
DA:110,1
DA:111,1
DA:112,1
DA:113,1
DA:114,1
DA:115,1
DA:116,1
DA:117,1
DA:118,1
DA:119,1
DA:120,1
DA:122,1
DA:125,1
DA:128,1
DA:129,1
DA:131,1
DA:132,1
DA:133,1
DA:134,1
DA:135,1
DA:136,1
DA:138,1
DA:141,1
DA:142,1
DA:143,1
DA:145,1
DA:146,1
DA:147,1
DA:148,1
DA:149,1
DA:150,1
DA:151,1
DA:152,1
DA:153,1
DA:155,1
DA:158,1
DA:159,1
DA:160,1
DA:163,1
DA:166,1
DA:167,1
DA:169,1
DA:170,1
DA:172,1
DA:173,1
DA:174,2
DA:175,2
DA:176,1
DA:177,1
DA:178,1
DA:179,1
DA:180,1
DA:181,1
DA:182,1
DA:183,1
DA:185,1
DA:188,1
DA:191,1
DA:192,1
DA:195,1
DA:196,1
DA:197,1
DA:198,1
DA:200,1
DA:201,1
DA:204,1
DA:207,1
DA:208,1
DA:209,1
LF:139
LH:139
BRDA:10,0,0,1
BRDA:11,1,0,11
BRDA:15,2,0,1
BRDA:18,3,0,1
BRDA:33,4,0,1
BRDA:46,5,0,1
BRDA:54,6,0,82
BRDA:54,7,0,46
BRDA:59,8,0,1
BRDA:69,9,0,1
BRDA:79,10,0,1
BRDA:95,11,0,1
BRDA:98,12,0,1
BRDA:131,13,0,1
BRDA:133,14,0,1
BRDA:145,15,0,1
BRDA:147,16,0,1
BRDA:169,17,0,1
BRDA:173,18,0,2
BRDA:175,19,0,1
BRDA:195,20,0,1
BRDA:200,21,0,1
BRF:22
BRH:22
end_of_record
TN:
SF:src\__tests__\components\ProductListV3.test.tsx
FN:10,__vite_ssr_import_2__.waitFor.timeout
FN:36,__vite_ssr_import_2__.waitFor.timeout
FN:47,__vite_ssr_import_2__.waitFor.timeout
FN:73,__vite_ssr_import_2__.waitFor.timeout
FN:87,__vite_ssr_import_2__.waitFor.timeout
FNF:5
FNH:5
FNDA:2,__vite_ssr_import_2__.waitFor.timeout
FNDA:2,__vite_ssr_import_2__.waitFor.timeout
FNDA:2,__vite_ssr_import_2__.waitFor.timeout
FNDA:2,__vite_ssr_import_2__.waitFor.timeout
FNDA:2,__vite_ssr_import_2__.waitFor.timeout
DA:1,1
DA:2,1
DA:3,1
DA:4,1
DA:6,1
DA:7,1
DA:8,1
DA:10,1
DA:11,2
DA:12,1
DA:15,1
DA:16,1
DA:17,1
DA:19,1
DA:20,1
DA:22,1
DA:23,1
DA:25,1
DA:26,1
DA:28,1
DA:29,2
DA:30,1
DA:31,1
DA:33,1
DA:34,1
DA:36,1
DA:37,2
DA:38,2
DA:39,2
DA:40,1
DA:41,1
DA:43,1
DA:44,1
DA:45,1
DA:47,1
DA:48,2
DA:49,1
DA:52,1
DA:53,1
DA:54,2
DA:55,1
DA:58,1
DA:59,1
DA:60,1
DA:63,1
DA:64,1
DA:65,1
DA:66,1
DA:67,1
DA:68,1
DA:70,1
DA:71,1
DA:73,1
DA:74,2
DA:75,1
DA:77,1
DA:78,1
DA:79,1
DA:80,1
DA:81,1
DA:82,1
DA:84,1
DA:85,1
DA:87,1
DA:88,2
DA:89,1
DA:92,1
DA:93,1
DA:94,1
DA:95,1
LF:70
LH:70
BRDA:6,0,0,1
BRDA:7,1,0,1
BRDA:10,2,0,2
BRDA:19,3,0,1
BRDA:25,4,0,1
BRDA:28,5,0,2
BRDA:33,6,0,1
BRDA:36,7,0,2
BRDA:43,8,0,1
BRDA:47,9,0,2
BRDA:53,10,0,2
BRDA:63,11,0,1
BRDA:70,12,0,1
BRDA:73,13,0,2
BRDA:84,14,0,1
BRDA:87,15,0,2
BRF:16
BRH:16
end_of_record
TN:
SF:src\__tests__\hooks\useCategories.test.tsx
FNF:0
FNH:0
DA:1,1
DA:2,1
DA:3,1
DA:4,1
DA:6,1
DA:7,1
DA:8,1
DA:9,1
DA:11,1
DA:12,1
DA:14,1
DA:15,2
DA:16,1
DA:18,1
DA:19,1
DA:20,1
DA:22,1
DA:23,1
DA:25,1
DA:26,2
DA:27,1
DA:29,1
DA:30,1
DA:33,1
DA:34,1
DA:35,1
DA:37,1
DA:39,1
DA:40,2
DA:41,1
DA:43,1
DA:44,1
DA:45,1
DA:47,1
DA:48,1
DA:50,7
DA:51,1
DA:52,1
DA:53,1
DA:55,1
DA:56,1
DA:58,1
DA:60,1
DA:61,1
DA:63,1
DA:64,1
DA:65,1
DA:66,1
DA:68,1
DA:69,1
DA:71,1
DA:73,1
DA:74,1
DA:76,1
DA:77,1
DA:79,1
DA:80,1
DA:82,1
DA:83,1
DA:84,1
DA:85,1
DA:87,1
DA:88,1
DA:90,1
DA:91,1
DA:92,1
DA:94,1
DA:95,1
DA:97,1
DA:98,1
DA:100,1
DA:101,1
DA:103,1
DA:104,1
DA:105,1
DA:107,1
DA:108,1
DA:111,1
DA:112,1
DA:113,1
DA:116,1
DA:117,1
DA:118,1
DA:119,1
DA:120,1
DA:121,1
LF:86
LH:86
BRDA:6,0,0,1
BRDA:7,1,0,1
BRDA:8,2,0,1
BRDA:9,3,0,2
BRDA:14,4,0,2
BRDA:22,5,0,1
BRDA:23,6,0,6
BRDA:25,7,0,2
BRDA:33,8,0,1
BRDA:39,9,0,2
BRDA:47,10,0,1
BRDA:48,11,0,7
BRDA:50,12,0,1
BRDA:55,13,0,1
BRDA:56,14,0,1
BRDA:68,15,0,1
BRDA:69,16,0,1
BRDA:76,17,0,1
BRDA:77,18,0,1
BRDA:87,19,0,1
BRDA:88,20,0,1
BRDA:94,21,0,1
BRDA:95,22,0,1
BRDA:100,23,0,1
BRDA:101,24,0,1
BRDA:107,25,0,1
BRDA:108,26,0,1
BRF:27
BRH:27
end_of_record
TN:
SF:src\__tests__\hooks\useProducts.test.tsx
FN:10,HookConsumer
FNF:1
FNH:1
FNDA:21,HookConsumer
DA:1,1
DA:2,1
DA:3,1
DA:4,1
DA:5,1
DA:6,1
DA:7,1
DA:8,1
DA:10,21
DA:11,21
DA:13,21
DA:15,21
DA:17,21
DA:18,21
DA:19,21
DA:20,21
DA:21,21
DA:22,21
DA:23,21
DA:24,31
DA:25,21
DA:26,21
DA:27,21
DA:29,21
DA:30,21
DA:32,21
DA:34,1
DA:35,1
DA:36,7
DA:37,1
DA:39,1
DA:40,1
DA:43,1
DA:44,1
DA:45,1
DA:46,1
DA:48,1
DA:49,1
DA:50,1
DA:51,1
DA:52,1
DA:53,1
DA:54,1
DA:56,1
DA:59,1
DA:60,1
DA:63,1
DA:64,4
DA:65,1
DA:68,1
DA:69,1
DA:71,1
DA:72,1
DA:73,1
DA:74,1
DA:75,1
DA:76,1
DA:77,1
DA:78,1
DA:79,1
DA:81,1
DA:84,1
DA:85,1
DA:86,2
DA:87,1
DA:90,1
DA:91,1
DA:93,1
DA:94,1
DA:96,1
DA:97,1
DA:98,2
DA:99,2
DA:100,1
DA:101,1
DA:103,1
DA:106,1
DA:107,1
DA:110,1
DA:111,1
DA:114,1
DA:115,2
DA:116,1
DA:117,1
DA:119,1
DA:120,1
DA:123,1
DA:126,1
DA:127,1
DA:128,1
DA:129,1
DA:130,1
DA:131,1
DA:132,1
DA:133,1
DA:134,1
DA:135,1
DA:136,1
DA:137,1
DA:138,1
DA:139,1
DA:140,1
DA:141,1
DA:142,1
DA:143,1
DA:144,1
DA:145,1
DA:146,1
DA:148,1
DA:151,1
DA:152,1
DA:154,1
DA:155,1
DA:157,1
DA:158,1
DA:159,2
DA:160,2
DA:161,1
DA:162,1
DA:163,1
DA:164,1
DA:165,1
DA:166,1
DA:167,1
DA:168,1
DA:170,1
DA:173,1
DA:174,1
DA:175,2
DA:176,1
DA:179,1
DA:180,1
DA:183,1
DA:184,2
DA:185,1
DA:187,1
DA:188,1
DA:190,1
DA:191,1
DA:194,1
DA:197,1
DA:198,1
DA:199,1
DA:200,1
LF:144
LH:144
BRDA:10,0,0,21
BRDA:20,1,0,18
BRDA:21,2,0,11
BRDA:21,3,0,10
BRDA:13,4,0,21
BRDA:23,5,0,31
BRDA:34,6,0,1
BRDA:35,7,0,7
BRDA:39,8,0,1
BRDA:48,9,0,1
BRDA:50,10,0,1
BRDA:63,11,0,4
BRDA:71,12,0,1
BRDA:73,13,0,1
BRDA:85,14,0,2
BRDA:93,15,0,1
BRDA:97,16,0,2
BRDA:114,17,0,2
BRDA:119,18,0,1
BRDA:127,19,0,1
BRDA:154,20,0,1
BRDA:158,21,0,2
BRDA:160,22,0,1
BRDA:174,23,0,2
BRDA:183,24,0,2
BRDA:190,25,0,1
BRF:26
BRH:26
end_of_record
TN:
SF:src\__tests__\hooks\useProductsV2.test.tsx
FN:11,HookConsumerV2
FNF:1
FNH:1
FNDA:27,HookConsumerV2
DA:1,1
DA:2,1
DA:3,1
DA:4,1
DA:5,1
DA:6,1
DA:7,1
DA:8,1
DA:9,1
DA:11,27
DA:12,27
DA:14,27
DA:16,27
DA:18,27
DA:19,27
DA:20,27
DA:21,27
DA:22,27
DA:23,27
DA:24,27
DA:25,41
DA:26,41
DA:27,41
DA:28,41
DA:29,13
DA:31,41
DA:32,41
DA:33,27
DA:34,27
DA:35,27
DA:37,27
DA:38,27
DA:40,27
DA:42,1
DA:43,1
DA:44,9
DA:45,1
DA:47,1
DA:48,1
DA:51,1
DA:52,1
DA:53,1
DA:54,1
DA:56,1
DA:57,1
DA:58,1
DA:59,1
DA:60,1
DA:61,1
DA:62,1
DA:64,1
DA:67,1
DA:68,1
DA:71,1
DA:72,4
DA:73,1
DA:76,1
DA:77,1
DA:79,1
DA:80,1
DA:81,1
DA:82,1
DA:83,1
DA:84,1
DA:85,1
DA:86,1
DA:87,1
DA:89,1
DA:92,1
DA:93,1
DA:94,2
DA:95,1
DA:98,1
DA:99,1
DA:101,1
DA:102,1
DA:104,1
DA:105,1
DA:106,2
DA:107,2
DA:108,1
DA:109,1
DA:111,1
DA:114,1
DA:115,1
DA:118,1
DA:119,1
DA:122,1
DA:123,1
DA:124,1
DA:125,1
DA:127,1
DA:128,1
DA:131,1
DA:134,1
DA:135,1
DA:138,1
DA:139,1
DA:142,1
DA:143,1
DA:144,1
DA:146,1
DA:147,1
DA:148,1
DA:149,1
DA:150,1
DA:151,1
DA:152,1
DA:153,1
DA:154,1
DA:155,1
DA:156,1
DA:157,1
DA:158,1
DA:159,1
DA:160,1
DA:161,1
DA:162,1
DA:163,1
DA:164,1
DA:165,1
DA:166,1
DA:167,1
DA:168,1
DA:169,1
DA:170,1
DA:172,1
DA:175,1
DA:178,1
DA:179,1
DA:180,1
DA:181,1
DA:183,1
DA:184,1
DA:187,1
DA:190,1
DA:191,1
DA:192,1
DA:193,1
DA:194,1
DA:195,1
DA:196,1
DA:197,1
DA:198,1
DA:199,1
DA:200,1
DA:201,1
DA:202,1
DA:203,1
DA:204,1
DA:205,1
DA:206,1
DA:207,1
DA:208,1
DA:209,1
DA:210,1
DA:211,1
DA:212,1
DA:213,1
DA:215,1
DA:218,1
DA:219,1
DA:221,1
DA:222,1
DA:224,1
DA:225,1
DA:226,2
DA:227,2
DA:228,1
DA:229,1
DA:230,1
DA:231,1
DA:232,1
DA:233,1
DA:234,1
DA:235,1
DA:237,1
DA:240,1
DA:241,1
DA:242,2
DA:243,1
DA:246,1
DA:247,1
DA:250,1
DA:251,2
DA:252,1
DA:254,1
DA:255,1
DA:257,1
DA:258,1
DA:261,1
DA:264,1
DA:265,1
DA:266,1
DA:267,1
LF:195
LH:195
BRDA:11,0,0,27
BRDA:21,1,0,24
BRDA:22,2,0,15
BRDA:22,3,0,12
BRDA:14,4,0,27
BRDA:24,5,0,41
BRDA:27,6,0,40
BRDA:28,7,0,15
BRDA:28,8,0,13
BRDA:31,9,0,40
BRDA:42,10,0,1
BRDA:43,11,0,9
BRDA:47,12,0,1
BRDA:56,13,0,1
BRDA:58,14,0,1
BRDA:71,15,0,4
BRDA:79,16,0,1
BRDA:81,17,0,1
BRDA:93,18,0,2
BRDA:101,19,0,1
BRDA:105,20,0,2
BRDA:122,21,0,1
BRDA:127,22,0,1
BRDA:146,23,0,1
BRDA:148,24,0,1
BRDA:183,25,0,1
BRDA:191,26,0,1
BRDA:221,27,0,1
BRDA:225,28,0,2
BRDA:227,29,0,1
BRDA:241,30,0,2
BRDA:250,31,0,2
BRDA:257,32,0,1
BRF:33
BRH:33
end_of_record
TN:
SF:src\__tests__\hooks\useProductsV3.test.tsx
FN:82,__vite_ssr_import_1__.renderHook.initialProps.categoryId
FNF:1
FNH:1
FNDA:5,__vite_ssr_import_1__.renderHook.initialProps.categoryId
DA:1,1
DA:2,1
DA:3,1
DA:5,1
DA:6,1
DA:7,1
DA:9,1
DA:10,1
DA:12,1
DA:13,2
DA:14,1
DA:16,1
DA:17,1
DA:18,1
DA:19,1
DA:21,1
DA:22,1
DA:24,1
DA:25,2
DA:26,1
DA:28,1
DA:29,1
DA:30,1
DA:32,1
DA:33,1
DA:35,1
DA:36,2
DA:37,1
DA:39,1
DA:40,1
DA:41,1
DA:42,1
DA:44,1
DA:45,1
DA:47,1
DA:48,2
DA:49,1
DA:51,1
DA:52,1
DA:55,1
DA:56,1
DA:57,1
DA:59,1
DA:61,1
DA:62,2
DA:63,1
DA:65,1
DA:66,1
DA:68,1
DA:69,1
DA:71,1
DA:72,2
DA:73,1
DA:75,1
DA:76,1
DA:77,1
DA:78,1
DA:80,1
DA:81,1
DA:82,1
DA:83,1
DA:84,1
DA:86,1
DA:87,2
DA:88,1
DA:90,1
DA:91,1
DA:94,1
DA:96,1
DA:97,2
DA:98,1
DA:100,1
DA:101,1
DA:102,1
DA:103,1
LF:75
LH:75
BRDA:5,0,0,1
BRDA:6,1,0,1
BRDA:7,2,0,2
BRDA:12,3,0,2
BRDA:21,4,0,1
BRDA:22,5,0,2
BRDA:24,6,0,2
BRDA:32,7,0,1
BRDA:33,8,0,2
BRDA:35,9,0,2
BRDA:39,10,0,2
BRDA:41,11,0,2
BRDA:44,12,0,1
BRDA:45,13,0,6
BRDA:47,14,0,2
BRDA:55,15,0,1
BRDA:61,16,0,2
BRDA:68,17,0,1
BRDA:69,18,0,2
BRDA:71,19,0,2
BRDA:80,20,0,1
BRDA:82,21,0,5
BRDA:86,22,0,2
BRDA:90,23,0,2
BRDA:96,24,0,2
BRDA:100,25,0,1
BRF:26
BRH:26
end_of_record
TN:
SF:src\__tests__\services\categories.service.test.ts
FNF:0
FNH:0
DA:1,1
DA:2,1
DA:3,1
DA:4,1
DA:6,1
DA:7,1
DA:8,1
DA:9,1
DA:11,1
DA:12,1
DA:13,1
DA:14,1
DA:16,1
DA:17,1
DA:18,1
DA:20,1
DA:21,1
DA:22,1
DA:24,1
DA:25,1
DA:26,1
DA:27,1
DA:29,1
DA:30,1
DA:31,1
DA:32,1
DA:34,1
DA:35,1
DA:36,1
DA:38,1
DA:39,1
DA:41,1
DA:42,1
DA:43,1
DA:44,1
DA:46,1
DA:47,1
DA:49,1
DA:50,1
DA:51,1
DA:52,1
DA:54,1
DA:55,1
DA:57,1
DA:58,1
DA:59,1
DA:60,1
DA:62,1
DA:63,1
DA:64,1
DA:66,1
DA:67,1
DA:69,1
DA:70,1
DA:71,1
DA:73,1
DA:74,1
DA:75,1
DA:77,1
DA:78,1
DA:79,1
DA:80,1
DA:82,1
DA:83,1
DA:84,1
DA:86,1
DA:87,1
DA:89,1
DA:90,1
DA:91,1
DA:92,1
DA:94,1
DA:95,1
DA:97,1
DA:98,1
DA:99,1
DA:100,1
DA:102,1
DA:103,1
DA:105,1
DA:106,1
DA:107,1
DA:109,1
DA:110,1
DA:112,1
DA:113,1
DA:115,1
DA:116,1
DA:117,1
DA:119,1
DA:121,1
DA:122,1
DA:123,1
DA:124,1
LF:94
LH:94
BRDA:6,0,0,1
BRDA:7,1,0,1
BRDA:8,2,0,1
BRDA:16,3,0,1
BRDA:17,4,0,1
BRDA:24,5,0,1
BRDA:29,6,0,1
BRDA:30,7,0,1
BRDA:38,8,0,1
BRDA:46,9,0,1
BRDA:54,10,0,1
BRDA:62,11,0,1
BRDA:69,12,0,1
BRDA:77,13,0,1
BRDA:78,14,0,1
BRDA:86,15,0,1
BRDA:94,16,0,1
BRDA:102,17,0,1
BRDA:109,18,0,1
BRDA:110,19,0,1
BRDA:115,20,0,1
BRDA:119,21,0,1
BRF:22
BRH:22
end_of_record
TN:
SF:src\__tests__\services\products.v3.service.test.ts
FNF:0
FNH:0
DA:1,1
DA:2,1
DA:3,1
DA:5,1
DA:6,1
DA:7,1
DA:8,1
DA:10,1
DA:11,1
DA:12,1
DA:14,1
DA:15,1
DA:17,1
DA:18,1
DA:19,1
DA:21,1
DA:22,1
DA:24,1
DA:25,1
DA:26,1
DA:27,1
DA:29,1
DA:30,1
DA:32,1
DA:33,1
DA:34,1
DA:35,1
DA:36,1
DA:37,1
LF:29
LH:29
BRDA:5,0,0,1
BRDA:6,1,0,1
BRDA:7,2,0,1
BRDA:14,3,0,1
BRDA:21,4,0,1
BRDA:24,5,0,2
BRDA:26,6,0,2
BRDA:29,7,0,1
BRF:8
BRH:8
end_of_record
TN:
SF:src\__tests__\setup\test-utils.tsx
FN:1,(empty-report)
FNF:1
FNH:0
FNDA:0,(empty-report)
DA:1,0
DA:8,0
DA:9,0
DA:10,0
DA:11,0
DA:12,0
DA:13,0
DA:23,0
DA:24,0
DA:26,0
DA:28,0
DA:30,0
DA:31,0
DA:36,0
DA:37,0
DA:38,0
DA:39,0
DA:40,0
DA:41,0
DA:42,0
DA:43,0
DA:44,0
DA:49,0
DA:50,0
DA:51,0
DA:52,0
DA:53,0
DA:54,0
DA:55,0
DA:56,0
DA:57,0
DA:58,0
DA:59,0
DA:64,0
DA:65,0
DA:66,0
DA:67,0
DA:68,0
DA:69,0
DA:70,0
DA:71,0
DA:72,0
DA:73,0
DA:74,0
DA:75,0
DA:77,0
DA:78,0
DA:80,0
LF:48
LH:0
BRDA:1,0,0,0
BRF:1
BRH:0
end_of_record
TN:
SF:src\__tests__\setup\mocks\categories.mock.ts
FNF:0
FNH:0
DA:3,1
DA:4,1
DA:5,1
DA:6,1
DA:7,1
DA:8,1
DA:9,1
DA:10,1
DA:11,1
DA:12,1
DA:13,1
DA:14,1
DA:15,1
DA:16,1
DA:17,1
DA:18,1
DA:19,1
DA:20,1
DA:21,1
DA:22,1
DA:23,1
DA:24,1
DA:25,1
DA:26,1
DA:27,1
DA:28,1
DA:29,1
DA:30,1
DA:31,1
DA:32,1
DA:33,1
DA:34,1
LF:32
LH:32
BRF:0
BRH:0
end_of_record
TN:
SF:src\__tests__\setup\mocks\products.mock.ts
FNF:0
FNH:0
DA:6,1
DA:7,1
DA:8,1
DA:9,1
DA:10,1
DA:11,1
DA:12,1
DA:13,1
DA:14,1
DA:15,1
DA:16,1
DA:17,1
DA:18,1
DA:19,1
DA:20,1
DA:21,1
DA:22,1
DA:23,1
DA:24,1
DA:25,1
DA:26,1
DA:27,1
DA:28,1
DA:29,1
DA:30,1
DA:31,1
DA:32,1
DA:33,1
DA:34,1
DA:35,1
DA:36,1
DA:37,1
DA:38,1
DA:39,1
DA:40,1
DA:45,1
DA:46,1
DA:47,1
DA:48,1
DA:49,1
DA:50,1
DA:51,1
DA:52,1
DA:53,1
DA:54,1
DA:55,1
DA:56,1
DA:57,1
DA:58,1
DA:59,1
DA:60,1
DA:61,1
DA:62,1
DA:63,1
DA:64,1
DA:65,1
DA:66,1
DA:67,1
DA:68,1
DA:69,1
DA:70,1
DA:71,1
DA:72,1
DA:73,1
DA:74,1
DA:75,1
DA:76,1
DA:77,1
DA:78,1
DA:79,1
DA:80,1
DA:81,1
DA:82,1
DA:83,1
DA:84,1
DA:85,1
DA:86,1
DA:87,1
DA:88,1
DA:93,1
DA:94,1
DA:95,1
DA:96,1
DA:97,1
DA:98,1
DA:99,1
DA:104,1
DA:105,1
DA:106,1
DA:107,1
DA:108,1
DA:109,1
DA:110,1
DA:115,1
DA:116,1
DA:117,1
DA:118,1
DA:119,1
DA:120,1
DA:121,1
DA:126,1
DA:127,1
DA:128,1
DA:129,1
DA:131,1
DA:132,1
DA:133,1
DA:134,1
DA:135,1
DA:136,1
DA:137,1
DA:139,1
DA:140,1
DA:141,1
DA:142,1
LF:115
LH:115
BRF:0
BRH:0
end_of_record
TN:
SF:src\__tests__\setup\mocks\products.v3.mock.ts
FNF:0
FNH:0
DA:3,1
DA:4,1
DA:5,1
DA:6,1
DA:7,1
DA:8,1
DA:9,1
DA:10,1
DA:11,1
DA:12,1
DA:13,1
DA:14,1
DA:15,1
DA:16,1
DA:17,1
DA:18,1
DA:19,1
DA:20,1
DA:21,1
DA:22,1
DA:23,1
DA:24,1
DA:25,1
DA:26,1
DA:27,1
DA:28,1
DA:29,1
DA:30,1
DA:31,1
DA:32,1
DA:33,1
DA:34,1
DA:35,1
DA:36,1
DA:37,1
DA:38,1
DA:39,1
DA:40,1
DA:41,1
DA:42,1
DA:43,1
DA:44,1
DA:45,1
DA:46,1
DA:47,1
DA:48,1
DA:49,1
DA:50,1
DA:51,1
DA:52,1
DA:53,1
DA:54,1
DA:55,1
DA:56,1
DA:57,1
DA:58,1
LF:56
LH:56
BRF:0
BRH:0
end_of_record
TN:
SF:src\__tests__\utils\error-handlers.test.ts
FNF:0
FNH:0
DA:1,1
DA:8,1
DA:9,1
DA:12,1
DA:13,1
DA:14,1
DA:15,1
DA:16,1
DA:17,1
DA:18,1
DA:19,1
DA:21,1
DA:22,1
DA:23,1
DA:24,1
DA:26,1
DA:27,1
DA:28,1
DA:29,1
DA:31,1
DA:32,1
DA:33,1
DA:35,1
DA:36,1
DA:37,1
DA:38,1
DA:39,1
DA:40,1
DA:41,1
DA:42,1
DA:44,1
DA:45,1
DA:46,1
DA:47,1
DA:48,1
DA:49,1
DA:51,1
DA:52,1
DA:53,1
DA:54,1
DA:55,1
DA:57,1
DA:58,1
DA:59,1
DA:60,1
DA:62,1
DA:63,1
DA:64,1
DA:65,1
DA:67,1
DA:68,1
DA:69,1
DA:70,1
DA:72,1
DA:73,1
DA:74,1
DA:75,1
DA:77,1
DA:78,1
DA:79,1
DA:80,1
DA:81,1
DA:83,1
DA:84,1
DA:85,1
DA:86,1
DA:87,1
DA:88,1
DA:90,1
DA:91,1
DA:92,1
DA:93,1
DA:94,1
DA:95,1
DA:96,1
DA:97,1
DA:98,1
DA:99,1
DA:100,1
DA:101,1
DA:102,1
DA:103,1
DA:104,1
DA:106,1
DA:107,1
DA:108,1
DA:109,1
DA:110,1
DA:111,1
DA:112,1
DA:113,1
DA:115,1
DA:116,1
DA:117,1
DA:118,1
DA:119,1
DA:120,1
DA:122,1
DA:123,1
DA:124,1
DA:125,1
DA:126,1
DA:127,1
DA:128,1
DA:129,1
LF:105
LH:105
BRDA:12,0,0,1
BRDA:13,1,0,1
BRDA:14,2,0,1
BRDA:21,3,0,1
BRDA:26,4,0,1
BRDA:31,5,0,1
BRDA:35,6,0,1
BRDA:44,7,0,1
BRDA:51,8,0,1
BRDA:52,9,0,1
BRDA:57,10,0,1
BRDA:62,11,0,1
BRDA:67,12,0,1
BRDA:72,13,0,1
BRDA:77,14,0,1
BRDA:78,15,0,1
BRDA:83,16,0,1
BRDA:84,17,0,1
BRDA:90,18,0,1
BRDA:106,19,0,1
BRDA:107,20,0,1
BRDA:115,21,0,1
BRDA:122,22,0,1
BRF:23
BRH:23
end_of_record
TN:
SF:src\__tests__\utils\formatters.test.ts
FNF:0
FNH:0
DA:1,1
DA:8,1
DA:10,1
DA:11,1
DA:12,1
DA:13,1
DA:14,1
DA:15,1
DA:16,1
DA:18,1
DA:19,1
DA:20,1
DA:21,1
DA:23,1
DA:24,1
DA:25,1
DA:26,1
DA:27,1
DA:29,1
DA:30,1
DA:31,1
DA:32,1
DA:33,1
DA:34,1
DA:36,1
DA:37,1
DA:38,1
DA:39,1
DA:41,1
DA:42,1
DA:43,1
DA:44,1
DA:46,1
DA:47,1
DA:48,1
DA:49,1
DA:50,1
DA:52,1
DA:53,1
DA:54,1
DA:55,1
DA:57,1
DA:58,1
DA:59,1
DA:60,1
DA:61,1
DA:63,1
DA:64,1
DA:65,1
DA:66,1
DA:67,1
DA:69,1
DA:70,1
DA:71,1
DA:72,1
DA:73,1
DA:74,1
DA:75,1
DA:77,1
DA:78,1
DA:79,1
DA:80,1
DA:82,1
DA:83,1
DA:84,1
DA:85,1
DA:87,1
DA:88,1
DA:89,1
DA:90,1
DA:91,1
DA:93,1
DA:94,1
DA:95,1
DA:96,1
DA:97,1
DA:98,1
DA:99,1
DA:101,1
DA:102,1
DA:103,1
DA:105,1
DA:106,1
DA:107,1
DA:108,1
DA:109,1
DA:110,1
DA:111,1
LF:88
LH:88
BRDA:10,0,0,1
BRDA:11,1,0,1
BRDA:12,2,0,1
BRDA:18,3,0,1
BRDA:23,4,0,1
BRDA:29,5,0,1
BRDA:30,6,0,1
BRDA:36,7,0,1
BRDA:41,8,0,1
BRDA:46,9,0,1
BRDA:47,10,0,1
BRDA:52,11,0,1
BRDA:57,12,0,1
BRDA:63,13,0,1
BRDA:69,14,0,1
BRDA:70,15,0,1
BRDA:77,16,0,1
BRDA:82,17,0,1
BRDA:87,18,0,1
BRDA:93,19,0,1
BRDA:94,20,0,1
BRDA:101,21,0,1
BRDA:105,22,0,1
BRF:23
BRH:23
end_of_record
TN:
SF:src\__tests__\utils\pagination.test.ts
FNF:0
FNH:0
DA:1,1
DA:8,1
DA:10,1
DA:11,1
DA:12,1
DA:13,1
DA:14,1
DA:15,1
DA:16,1
DA:18,1
DA:19,1
DA:20,1
DA:21,1
DA:22,1
DA:24,1
DA:25,1
DA:26,1
DA:27,1
DA:28,1
DA:29,1
DA:31,1
DA:32,1
DA:33,1
DA:34,1
DA:36,1
DA:37,1
DA:38,1
DA:39,1
DA:41,1
DA:42,1
DA:43,1
DA:44,1
DA:45,1
DA:46,1
DA:48,1
DA:49,1
DA:50,1
DA:51,1
DA:52,1
DA:54,1
DA:55,1
DA:56,1
DA:57,1
DA:58,1
DA:60,1
DA:61,1
DA:62,1
DA:64,1
DA:65,1
DA:66,1
DA:68,1
DA:69,1
DA:70,1
DA:72,1
DA:73,1
DA:74,1
DA:75,1
DA:76,1
DA:78,1
DA:79,1
DA:80,1
DA:81,1
DA:82,1
DA:84,1
DA:85,1
DA:86,1
DA:88,1
DA:89,1
DA:90,1
DA:92,1
DA:93,1
DA:94,1
DA:96,1
DA:97,1
DA:98,1
DA:99,1
DA:100,1
LF:77
LH:77
BRDA:10,0,0,1
BRDA:11,1,0,1
BRDA:12,2,0,1
BRDA:18,3,0,1
BRDA:24,4,0,1
BRDA:25,5,0,1
BRDA:31,6,0,1
BRDA:36,7,0,1
BRDA:41,8,0,1
BRDA:42,9,0,1
BRDA:48,10,0,1
BRDA:54,11,0,1
BRDA:55,12,0,1
BRDA:60,13,0,1
BRDA:64,14,0,1
BRDA:68,15,0,1
BRDA:72,16,0,1
BRDA:78,17,0,1
BRDA:79,18,0,1
BRDA:84,19,0,1
BRDA:88,20,0,1
BRDA:92,21,0,1
BRDA:96,22,0,1
BRF:23
BRH:23
end_of_record
TN:
SF:src\__tests__\utils\validators.test.ts
FNF:0
FNH:0
DA:1,1
DA:11,1
DA:15,1
DA:17,1
DA:18,1
DA:19,1
DA:20,1
DA:21,1
DA:22,1
DA:23,1
DA:25,1
DA:26,1
DA:29,1
DA:30,1
DA:32,1
DA:33,1
DA:34,1
DA:35,1
DA:36,1
DA:37,1
DA:39,1
DA:40,1
DA:41,1
DA:42,1
DA:43,1
DA:45,1
DA:46,1
DA:47,1
DA:49,1
DA:50,1
DA:51,1
DA:52,1
DA:53,1
DA:54,1
DA:56,1
DA:57,1
DA:58,1
DA:59,1
DA:61,1
DA:62,1
DA:63,1
DA:64,1
DA:65,1
DA:66,1
DA:68,1
DA:69,1
DA:70,1
DA:71,1
DA:72,1
DA:73,1
DA:75,1
DA:76,1
DA:77,1
DA:78,1
DA:80,1
DA:81,1
DA:82,1
DA:83,1
DA:85,1
DA:86,1
DA:87,1
DA:89,1
DA:90,1
DA:91,1
DA:92,1
DA:93,1
DA:95,1
DA:96,1
DA:97,1
DA:98,1
DA:99,1
DA:101,1
DA:102,1
DA:103,1
DA:104,1
DA:106,1
DA:107,1
DA:108,1
DA:109,1
DA:110,1
DA:112,1
DA:113,1
DA:114,1
DA:115,1
DA:116,1
DA:117,1
DA:119,1
DA:120,1
DA:121,1
DA:122,1
DA:123,1
DA:124,1
DA:126,1
DA:127,1
DA:128,1
DA:129,1
DA:130,1
DA:131,1
DA:133,1
DA:134,1
DA:135,1
DA:136,1
DA:137,1
DA:138,1
DA:139,1
DA:141,1
DA:142,1
DA:143,1
DA:144,1
DA:145,1
DA:146,1
DA:148,1
DA:149,1
DA:150,1
DA:151,1
DA:152,1
DA:153,1
DA:155,1
DA:156,1
DA:157,1
DA:158,1
DA:159,1
DA:160,1
DA:161,1
LF:124
LH:124
BRDA:17,0,0,1
BRDA:18,1,0,1
BRDA:19,2,0,1
BRDA:25,3,0,1
BRDA:32,4,0,1
BRDA:39,5,0,1
BRDA:40,6,0,1
BRDA:45,7,0,1
BRDA:49,8,0,1
BRDA:56,9,0,1
BRDA:61,10,0,1
BRDA:62,11,0,1
BRDA:68,12,0,1
BRDA:75,13,0,1
BRDA:80,14,0,1
BRDA:81,15,0,1
BRDA:85,16,0,1
BRDA:89,17,0,1
BRDA:95,18,0,1
BRDA:96,19,0,1
BRDA:101,20,0,1
BRDA:106,21,0,1
BRDA:112,22,0,1
BRDA:113,23,0,1
BRDA:119,24,0,1
BRDA:126,25,0,1
BRDA:133,26,0,1
BRDA:134,27,0,1
BRDA:141,28,0,1
BRDA:148,29,0,1
BRDA:149,30,0,1
BRDA:155,31,0,1
BRF:32
BRH:32
end_of_record
TN:
SF:src\api\categories.api.ts
FN:7,listCategories
FN:14,getCategoryById
FN:21,createCategory
FN:28,updateCategory
FN:35,deleteCategory
FNF:5
FNH:5
FNDA:28,listCategories
FNDA:4,getCategoryById
FNDA:8,createCategory
FNDA:8,updateCategory
FNDA:8,deleteCategory
DA:1,1
DA:7,28
DA:8,28
DA:9,28
DA:14,4
DA:15,4
DA:16,4
DA:21,8
DA:22,8
DA:23,8
DA:28,8
DA:29,8
DA:30,8
DA:35,8
DA:36,8
DA:37,8
LF:16
LH:16
BRDA:7,0,0,28
BRDA:14,1,0,4
BRDA:21,2,0,8
BRDA:28,3,0,8
BRDA:35,4,0,8
BRF:5
BRH:5
end_of_record
TN:
SF:src\api\client.ts
FN:26,<instance_members_initializer>
FN:31,HttpError
FN:54,get
FN:92,post
FN:124,put
FN:156,patch
FN:187,delete
FNF:7
FNH:6
FNDA:44,<instance_members_initializer>
FNDA:44,HttpError
FNDA:99,get
FNDA:8,post
FNDA:8,put
FNDA:0,patch
FNDA:8,delete
DA:21,1
DA:26,1
DA:27,44
DA:28,44
DA:29,44
DA:31,44
DA:32,44
DA:33,44
DA:34,44
DA:35,44
DA:36,44
DA:37,44
DA:38,44
DA:39,44
DA:40,44
DA:41,44
DA:42,44
DA:47,1
DA:54,1
DA:55,99
DA:56,67
DA:57,67
DA:58,67
DA:59,99
DA:61,99
DA:63,99
DA:64,99
DA:65,99
DA:66,99
DA:67,99
DA:68,99
DA:69,99
DA:71,99
DA:72,10
DA:73,10
DA:74,10
DA:76,89
DA:77,99
DA:78,10
DA:79,10
DA:80,10
DA:82,10
DA:83,10
DA:84,99
DA:92,1
DA:93,8
DA:95,8
DA:96,8
DA:97,8
DA:98,8
DA:99,8
DA:100,8
DA:101,8
DA:102,8
DA:104,8
DA:105,2
DA:106,2
DA:107,2
DA:109,6
DA:110,7
DA:111,2
DA:112,2
DA:113,2
DA:114,2
DA:115,2
DA:116,8
DA:124,1
DA:125,8
DA:127,8
DA:128,8
DA:129,8
DA:130,8
DA:131,8
DA:132,8
DA:133,8
DA:134,8
DA:136,8
DA:137,4
DA:138,4
DA:139,4
DA:141,4
DA:142,4
DA:143,4
DA:144,4
DA:145,4
DA:146,4
DA:147,4
DA:148,8
DA:156,1
DA:157,0
DA:159,0
DA:160,0
DA:161,0
DA:162,0
DA:163,0
DA:164,0
DA:165,0
DA:166,0
DA:168,0
DA:169,0
DA:170,0
DA:171,0
DA:173,0
DA:174,0
DA:175,0
DA:176,0
DA:177,0
DA:178,0
DA:179,0
DA:180,0
DA:187,1
DA:188,8
DA:190,8
DA:191,8
DA:192,8
DA:193,8
DA:194,8
DA:195,8
DA:196,8
DA:198,8
DA:199,5
DA:200,5
DA:201,5
DA:204,3
DA:205,3
DA:206,3
DA:208,0
DA:209,8
DA:210,5
DA:211,5
DA:212,5
DA:213,5
DA:214,5
DA:215,8
DA:216,1
LF:135
LH:113
BRDA:26,0,0,44
BRDA:31,1,0,44
BRDA:36,2,0,25
BRDA:36,3,0,19
BRDA:54,4,0,99
BRDA:55,5,0,67
BRDA:59,6,0,32
BRDA:71,7,0,10
BRDA:73,8,0,0
BRDA:74,9,0,89
BRDA:77,10,0,10
BRDA:80,11,0,0
BRDA:82,12,0,0
BRDA:57,13,0,107
BRDA:58,14,0,107
BRDA:92,15,0,8
BRDA:104,16,0,7
BRDA:104,17,0,2
BRDA:106,18,0,0
BRDA:107,19,0,6
BRDA:110,20,0,2
BRDA:113,21,0,0
BRDA:114,22,0,0
BRDA:124,23,0,8
BRDA:136,24,0,4
BRDA:138,25,0,0
BRDA:145,26,0,0
BRDA:146,27,0,0
BRDA:187,28,0,8
BRDA:198,29,0,5
BRDA:200,30,0,0
BRDA:201,31,0,3
BRDA:206,32,0,0
BRDA:209,33,0,5
BRDA:212,34,0,0
BRDA:213,35,0,0
BRF:36
BRH:23
end_of_record
TN:
SF:src\api\products.api.ts
FN:24,listProducts
FNF:1
FNH:1
FNDA:18,listProducts
DA:1,1
DA:24,18
DA:25,18
DA:26,18
DA:27,18
DA:28,18
LF:6
LH:6
BRDA:24,0,0,18
BRF:1
BRH:1
end_of_record
TN:
SF:src\api\products.v2.api.ts
FN:24,listProductsV2
FNF:1
FNH:1
FNDA:24,listProductsV2
DA:1,1
DA:24,24
DA:25,24
DA:26,24
DA:27,24
DA:28,24
LF:6
LH:6
BRDA:24,0,0,24
BRF:1
BRH:1
end_of_record
TN:
SF:src\api\products.v3.api.ts
FN:21,listProductsV3
FN:28,getProductByIdV3
FN:35,createProductV3
FN:42,replaceProductV3
FN:49,patchProductV3
FN:56,deleteProductV3
FNF:6
FNH:1
FNDA:25,listProductsV3
FNDA:0,getProductByIdV3
FNDA:0,createProductV3
FNDA:0,replaceProductV3
FNDA:0,patchProductV3
FNDA:0,deleteProductV3
DA:1,1
DA:21,25
DA:22,25
DA:23,25
DA:28,0
DA:29,0
DA:30,0
DA:35,0
DA:36,0
DA:37,0
DA:42,0
DA:43,0
DA:44,0
DA:49,0
DA:50,0
DA:51,0
DA:56,0
DA:57,0
DA:58,0
LF:19
LH:4
BRDA:21,0,0,25
BRF:1
BRH:1
end_of_record
TN:
SF:src\components\categories\CategoryBadge.tsx
FN:10,CategoryBadge
FNF:1
FNH:1
FNDA:37,CategoryBadge
DA:1,1
DA:10,1
DA:11,37
DA:12,37
DA:13,37
DA:14,37
DA:16,37
LF:7
LH:7
BRDA:10,0,0,37
BRF:1
BRH:1
end_of_record
TN:
SF:src\components\categories\CategoryFilter.tsx
FN:12,CategoryFilter
FN:30,onChange
FNF:2
FNH:2
FNDA:25,CategoryFilter
FNDA:3,onChange
DA:1,1
DA:12,1
DA:13,25
DA:15,25
DA:16,15
DA:17,15
DA:18,15
DA:19,15
DA:21,15
DA:23,25
DA:24,0
DA:25,0
DA:27,10
DA:28,10
DA:29,10
DA:30,10
DA:31,10
DA:33,10
DA:34,10
DA:35,50
DA:36,50
DA:37,50
DA:38,10
DA:39,10
DA:41,10
LF:25
LH:23
BRDA:12,0,0,25
BRDA:15,1,0,15
BRDA:21,2,0,10
BRDA:23,3,0,0
BRDA:25,4,0,10
BRDA:30,5,0,3
BRDA:34,6,0,50
BRF:7
BRH:6
end_of_record
TN:
SF:src\components\categories\CategorySelect.tsx
FN:14,CategorySelect
FN:36,onChange
FNF:2
FNH:2
FNDA:15,CategorySelect
FNDA:1,onChange
DA:1,1
DA:14,1
DA:15,15
DA:17,15
DA:18,8
DA:19,8
DA:20,8
DA:21,8
DA:23,8
DA:25,15
DA:26,0
DA:27,0
DA:28,0
DA:29,0
DA:31,0
DA:33,7
DA:34,7
DA:35,7
DA:36,7
DA:37,7
DA:38,7
DA:39,7
DA:41,7
DA:42,7
DA:43,35
DA:44,35
DA:45,35
DA:46,7
DA:47,7
DA:49,7
LF:30
LH:25
BRDA:14,0,0,15
BRDA:17,1,0,8
BRDA:23,2,0,7
BRDA:25,3,0,0
BRDA:31,4,0,7
BRDA:36,5,0,1
BRDA:42,6,0,35
BRF:7
BRH:6
end_of_record
TN:
SF:src\components\products\ProductCard.tsx
FN:39,ProductCard
FN:114,onClick
FNF:2
FNH:1
FNDA:15,ProductCard
FNDA:0,onClick
DA:1,1
DA:39,1
DA:41,15
DA:42,15
DA:43,15
DA:45,15
DA:46,15
DA:48,15
DA:50,15
DA:51,0
DA:52,0
DA:53,0
DA:57,15
DA:58,15
DA:59,15
DA:60,15
DA:61,15
DA:63,15
DA:64,15
DA:65,15
DA:66,15
DA:67,15
DA:68,15
DA:69,15
DA:70,15
DA:73,15
DA:75,15
DA:76,15
DA:77,15
DA:80,15
DA:81,15
DA:82,15
DA:83,15
DA:84,15
DA:85,0
DA:86,0
DA:87,0
DA:89,15
DA:92,15
DA:93,0
DA:95,0
DA:96,0
DA:97,0
DA:98,0
DA:99,0
DA:100,0
DA:102,0
DA:103,0
DA:104,0
DA:105,0
DA:106,0
DA:107,0
DA:108,0
DA:109,0
DA:113,15
DA:114,15
DA:115,15
DA:116,15
DA:118,15
DA:119,15
DA:120,15
DA:121,15
DA:122,15
DA:124,15
DA:125,15
DA:126,15
DA:127,15
DA:128,15
DA:129,15
DA:130,15
DA:132,15
DA:133,15
DA:134,15
DA:136,15
LF:74
LH:53
BRDA:39,0,0,15
BRDA:50,1,0,0
BRDA:84,2,0,0
BRDA:92,3,0,0
BRF:4
BRH:1
end_of_record
TN:
SF:src\components\products\ProductCardV2.tsx
FN:40,ProductCardV2
FN:63,onError
FN:105,onClick
FNF:3
FNH:1
FNDA:25,ProductCardV2
FNDA:0,onError
FNDA:0,onClick
DA:1,1
DA:40,1
DA:41,25
DA:42,25
DA:43,25
DA:44,25
DA:46,25
DA:47,25
DA:49,25
DA:51,25
DA:52,8
DA:53,8
DA:54,8
DA:58,25
DA:59,25
DA:60,25
DA:61,25
DA:62,25
DA:63,25
DA:64,0
DA:65,0
DA:66,25
DA:67,25
DA:70,25
DA:72,25
DA:73,25
DA:74,25
DA:77,25
DA:78,25
DA:79,25
DA:80,25
DA:81,25
DA:84,25
DA:86,25
DA:87,25
DA:88,125
DA:89,125
DA:90,125
DA:91,125
DA:92,125
DA:94,125
DA:95,125
DA:96,25
DA:97,25
DA:98,25
DA:99,25
DA:100,25
DA:101,25
DA:104,25
DA:105,25
DA:106,25
DA:107,25
DA:109,25
DA:110,25
DA:111,25
DA:112,25
DA:113,25
DA:115,25
DA:116,25
DA:117,25
DA:118,25
DA:119,25
DA:120,25
DA:121,25
DA:123,25
DA:124,25
DA:125,25
DA:127,25
LF:68
LH:66
BRDA:40,0,0,25
BRDA:41,1,0,1
BRDA:42,2,0,8
BRDA:43,3,0,1
BRDA:51,4,0,8
BRDA:99,5,0,1
BRDA:87,6,0,125
BRDA:90,7,0,120
BRDA:90,8,0,5
BRF:9
BRH:9
end_of_record
TN:
SF:src\components\products\ProductCardV3.tsx
FN:19,ProductCardV3
FN:42,onError
FN:102,onClick
FNF:3
FNH:1
FNDA:33,ProductCardV3
FNDA:0,onError
FNDA:0,onClick
DA:1,1
DA:19,1
DA:20,33
DA:21,33
DA:22,33
DA:23,33
DA:25,33
DA:26,33
DA:28,33
DA:30,33
DA:31,32
DA:32,32
DA:33,32
DA:37,33
DA:38,33
DA:39,33
DA:40,33
DA:41,33
DA:42,33
DA:43,0
DA:44,0
DA:45,33
DA:46,33
DA:49,33
DA:51,33
DA:52,33
DA:53,33
DA:56,33
DA:57,33
DA:58,33
DA:61,33
DA:62,33
DA:63,33
DA:64,33
DA:65,33
DA:68,33
DA:70,33
DA:71,33
DA:72,165
DA:73,165
DA:74,165
DA:75,165
DA:76,165
DA:78,165
DA:79,165
DA:80,33
DA:81,33
DA:82,33
DA:83,33
DA:84,33
DA:85,33
DA:88,33
DA:90,33
DA:91,33
DA:92,33
DA:93,32
DA:94,1
DA:95,33
DA:97,33
DA:98,33
DA:101,33
DA:102,33
DA:103,33
DA:104,33
DA:105,33
DA:106,32
DA:107,1
DA:108,33
DA:109,33
DA:111,33
DA:112,33
DA:113,33
DA:114,33
DA:116,33
LF:74
LH:72
BRDA:19,0,0,33
BRDA:20,1,0,0
BRDA:22,2,0,0
BRDA:30,3,0,32
BRDA:83,4,0,0
BRDA:92,5,0,32
BRDA:93,6,0,1
BRDA:97,7,0,32
BRDA:97,8,0,1
BRDA:105,9,0,32
BRDA:106,10,0,1
BRDA:71,11,0,165
BRDA:74,12,0,0
BRF:13
BRH:9
end_of_record
TN:
SF:src\components\products\ProductList.tsx
FN:34,ProductList
FNF:1
FNH:1
FNDA:16,ProductList
DA:1,1
DA:34,1
DA:35,16
DA:38,16
DA:39,7
DA:40,7
DA:41,7
DA:42,7
DA:43,7
DA:45,7
DA:48,16
DA:49,3
DA:50,3
DA:51,3
DA:52,3
DA:53,3
DA:54,3
DA:55,3
DA:56,3
DA:58,3
DA:59,3
DA:60,3
DA:61,3
DA:62,3
DA:63,3
DA:64,3
DA:65,3
DA:67,3
DA:68,3
DA:69,3
DA:70,3
DA:71,3
DA:72,3
DA:74,3
DA:75,3
DA:76,3
DA:77,3
DA:78,3
DA:80,3
DA:83,16
DA:84,1
DA:85,1
DA:86,1
DA:87,1
DA:88,1
DA:89,1
DA:90,1
DA:92,1
DA:93,1
DA:94,1
DA:95,1
DA:96,1
DA:97,1
DA:98,1
DA:99,1
DA:101,1
DA:102,1
DA:104,1
DA:105,1
DA:107,1
DA:110,5
DA:111,5
DA:113,5
DA:114,5
DA:115,5
DA:116,5
DA:117,5
DA:118,5
DA:119,5
DA:120,5
DA:121,5
DA:122,5
DA:123,5
DA:124,5
DA:125,5
DA:126,5
DA:127,5
DA:128,5
DA:129,5
DA:130,5
DA:131,5
DA:132,5
DA:133,5
DA:135,5
DA:136,5
DA:137,5
DA:138,5
DA:139,5
DA:141,5
DA:142,5
DA:143,5
DA:144,5
DA:145,5
DA:146,5
DA:147,5
DA:149,5
DA:150,5
DA:154,16
DA:155,16
DA:156,15
DA:157,16
DA:158,16
DA:161,16
DA:162,0
DA:164,0
DA:165,0
DA:166,0
DA:167,0
DA:168,0
DA:169,0
DA:171,0
DA:174,0
DA:175,0
DA:177,0
DA:178,0
DA:179,0
DA:180,0
DA:182,0
DA:183,0
DA:184,0
DA:185,0
DA:186,0
DA:187,0
DA:188,0
DA:189,0
DA:190,0
DA:191,0
DA:192,0
DA:193,0
DA:195,0
DA:196,0
DA:198,0
DA:199,0
DA:200,0
DA:202,0
DA:204,0
DA:205,0
DA:206,0
DA:207,0
DA:210,0
DA:211,0
DA:212,0
DA:213,0
DA:214,0
DA:215,0
DA:217,0
DA:218,0
DA:220,16
DA:222,16
LF:149
LH:105
BRDA:34,0,0,16
BRDA:38,1,0,7
BRDA:45,2,0,9
BRDA:48,3,0,3
BRDA:80,4,0,6
BRDA:83,5,0,1
BRDA:107,6,0,5
BRDA:161,7,0,5
BRDA:161,8,0,0
BRDA:155,9,0,15
BRF:10
BRH:9
end_of_record
TN:
SF:src\components\products\ProductListV2.tsx
FN:34,ProductListV2
FNF:1
FNH:1
FNDA:25,ProductListV2
DA:1,1
DA:34,1
DA:35,25
DA:38,25
DA:39,12
DA:40,12
DA:41,12
DA:42,12
DA:43,12
DA:45,12
DA:48,25
DA:49,3
DA:50,3
DA:51,3
DA:52,3
DA:53,3
DA:54,3
DA:55,3
DA:56,3
DA:58,3
DA:59,3
DA:60,3
DA:61,3
DA:62,3
DA:63,3
DA:64,3
DA:65,3
DA:67,3
DA:68,3
DA:69,3
DA:70,3
DA:71,3
DA:72,3
DA:74,3
DA:75,3
DA:76,3
DA:77,3
DA:78,3
DA:80,3
DA:83,25
DA:84,1
DA:85,1
DA:86,1
DA:87,1
DA:88,1
DA:89,1
DA:90,1
DA:92,1
DA:93,1
DA:94,1
DA:95,1
DA:96,1
DA:97,1
DA:98,1
DA:99,1
DA:101,1
DA:102,1
DA:104,1
DA:105,1
DA:107,1
DA:110,9
DA:111,9
DA:113,9
DA:114,9
DA:115,9
DA:116,9
DA:117,9
DA:118,9
DA:119,9
DA:120,9
DA:121,9
DA:122,9
DA:123,9
DA:124,9
DA:125,9
DA:126,9
DA:127,9
DA:128,9
DA:129,9
DA:130,9
DA:131,9
DA:132,9
DA:133,9
DA:135,9
DA:136,9
DA:137,9
DA:138,9
DA:139,9
DA:141,9
DA:142,9
DA:143,9
DA:144,9
DA:145,9
DA:146,9
DA:147,9
DA:149,9
DA:150,9
DA:154,25
DA:155,25
DA:156,25
DA:157,25
DA:158,25
DA:161,25
DA:162,0
DA:164,0
DA:165,0
DA:166,0
DA:167,0
DA:168,0
DA:169,0
DA:171,0
DA:174,0
DA:175,0
DA:177,0
DA:178,0
DA:179,0
DA:180,0
DA:182,0
DA:183,0
DA:184,0
DA:185,0
DA:186,0
DA:187,0
DA:188,0
DA:189,0
DA:190,0
DA:191,0
DA:192,0
DA:193,0
DA:195,0
DA:196,0
DA:198,0
DA:199,0
DA:200,0
DA:202,0
DA:204,0
DA:205,0
DA:206,0
DA:207,0
DA:210,0
DA:211,0
DA:212,0
DA:213,0
DA:214,0
DA:215,0
DA:217,0
DA:218,0
DA:220,25
DA:222,25
LF:149
LH:105
BRDA:34,0,0,25
BRDA:38,1,0,12
BRDA:45,2,0,13
BRDA:48,3,0,3
BRDA:80,4,0,10
BRDA:83,5,0,1
BRDA:107,6,0,9
BRDA:161,7,0,9
BRDA:161,8,0,0
BRDA:155,9,0,25
BRF:10
BRH:9
end_of_record
TN:
SF:src\components\products\ProductListV3.tsx
FN:10,ProductListV3
FN:19,handleAddToCart
FNF:2
FNH:1
FNDA:16,ProductListV3
FNDA:0,handleAddToCart
DA:1,1
DA:10,1
DA:11,16
DA:13,16
DA:14,16
DA:15,16
DA:16,16
DA:17,16
DA:19,16
DA:20,0
DA:22,0
DA:24,16
DA:25,8
DA:26,8
DA:27,8
DA:28,8
DA:30,8
DA:32,16
DA:33,0
DA:34,0
DA:35,0
DA:36,0
DA:38,0
DA:40,8
DA:41,8
DA:43,8
DA:44,8
DA:45,8
DA:46,8
DA:47,8
DA:48,8
DA:49,8
DA:52,8
DA:53,0
DA:54,0
DA:55,0
DA:57,8
DA:58,8
DA:59,8
DA:60,23
DA:61,8
DA:62,8
DA:65,8
DA:66,0
DA:68,0
DA:69,0
DA:70,0
DA:71,0
DA:72,0
DA:73,0
DA:75,0
DA:78,0
DA:79,0
DA:81,0
DA:82,0
DA:83,0
DA:84,0
DA:86,0
DA:87,0
DA:88,0
DA:89,0
DA:90,0
DA:91,0
DA:92,0
DA:93,0
DA:94,0
DA:95,0
DA:96,0
DA:97,0
DA:99,0
DA:100,0
DA:102,0
DA:103,0
DA:104,0
DA:106,0
DA:108,0
DA:109,0
DA:110,0
DA:111,0
DA:114,0
DA:115,0
DA:116,0
DA:117,0
DA:118,0
DA:119,0
DA:121,0
DA:122,0
DA:124,8
DA:126,16
DA:128,16
LF:90
LH:36
BRDA:10,0,0,16
BRDA:16,1,0,13
BRDA:24,2,0,8
BRDA:32,3,0,0
BRDA:38,4,0,8
BRDA:52,5,0,0
BRDA:55,6,0,8
BRDA:65,7,0,0
BRDA:59,8,0,23
BRF:9
BRH:6
end_of_record
TN:
SF:src\hooks\useCategories.ts
FN:15,useCategories
FN:24,fetchCategories
FN:50,refetch
FN:69,useCategoryMutations
FN:74,createCategory
FN:91,updateCategory
FN:108,deleteCategory
FNF:7
FNH:7
FNDA:48,useCategories
FNDA:26,fetchCategories
FNDA:1,refetch
FNDA:7,useCategoryMutations
FNDA:3,createCategory
FNDA:3,updateCategory
FNDA:2,deleteCategory
DA:1,1
DA:15,1
DA:16,48
DA:17,48
DA:18,48
DA:19,48
DA:21,48
DA:22,26
DA:24,26
DA:25,26
DA:26,26
DA:27,26
DA:28,26
DA:29,26
DA:30,24
DA:31,24
DA:32,26
DA:33,0
DA:34,0
DA:35,0
DA:36,26
DA:37,26
DA:38,24
DA:39,24
DA:40,26
DA:41,26
DA:43,26
DA:45,26
DA:46,26
DA:47,26
DA:48,48
DA:50,48
DA:51,1
DA:52,1
DA:54,48
DA:55,48
DA:69,1
DA:70,7
DA:71,7
DA:72,7
DA:74,7
DA:75,3
DA:76,3
DA:77,3
DA:78,2
DA:79,3
DA:80,1
DA:82,1
DA:83,0
DA:84,0
DA:85,1
DA:86,3
DA:87,3
DA:88,3
DA:89,3
DA:91,7
DA:92,3
DA:93,3
DA:94,3
DA:95,2
DA:96,3
DA:97,1
DA:99,1
DA:100,0
DA:101,0
DA:102,1
DA:103,3
DA:104,3
DA:105,3
DA:106,3
DA:108,7
DA:109,2
DA:110,2
DA:111,2
DA:112,1
DA:113,1
DA:115,1
DA:116,1
DA:117,1
DA:118,0
DA:119,2
DA:120,2
DA:121,2
DA:122,2
DA:124,7
DA:125,7
LF:86
LH:78
BRDA:15,0,0,48
BRDA:21,1,0,26
BRDA:24,2,0,26
BRDA:29,3,0,24
BRDA:32,4,0,0
BRDA:37,5,0,24
BRDA:45,6,0,26
BRDA:50,7,0,1
BRDA:51,8,0,1
BRDA:69,9,0,7
BRDA:74,10,0,3
BRDA:77,11,0,2
BRDA:79,12,0,1
BRDA:80,13,0,0
BRDA:82,14,0,0
BRDA:86,15,0,0
BRDA:91,16,0,3
BRDA:94,17,0,2
BRDA:96,18,0,1
BRDA:97,19,0,0
BRDA:99,20,0,0
BRDA:103,21,0,0
BRDA:108,22,0,2
BRDA:111,23,0,1
BRDA:113,24,0,0
BRDA:117,25,0,0
BRF:26
BRH:17
end_of_record
TN:
SF:src\hooks\useProducts.ts
FN:59,useProducts
FN:70,fetchProducts
FN:116,refetch
FN:123,goToPage
FN:132,nextPage
FN:141,prevPage
FNF:6
FNH:3
FNDA:37,useProducts
FNDA:18,fetchProducts
FNDA:3,refetch
FNDA:0,goToPage
FNDA:0,nextPage
FNDA:0,prevPage
DA:1,1
DA:59,1
DA:60,37
DA:61,37
DA:62,37
DA:63,37
DA:64,37
DA:65,37
DA:67,37
DA:68,18
DA:70,18
DA:71,18
DA:72,18
DA:73,18
DA:75,18
DA:76,18
DA:77,18
DA:78,18
DA:81,14
DA:82,14
DA:83,14
DA:84,14
DA:85,14
DA:86,14
DA:87,14
DA:88,14
DA:89,14
DA:90,18
DA:91,4
DA:93,4
DA:95,4
DA:96,4
DA:97,4
DA:98,18
DA:99,18
DA:100,18
DA:101,18
DA:102,18
DA:103,18
DA:105,18
DA:108,18
DA:109,18
DA:110,18
DA:111,37
DA:116,37
DA:117,3
DA:118,3
DA:123,37
DA:124,0
DA:125,0
DA:126,0
DA:127,0
DA:132,37
DA:133,0
DA:134,0
DA:135,0
DA:136,0
DA:141,37
DA:142,0
DA:143,0
DA:144,0
DA:145,0
DA:147,37
DA:148,37
DA:149,37
DA:150,37
DA:151,37
DA:152,37
DA:153,37
DA:154,37
DA:155,37
DA:156,37
DA:157,37
LF:73
LH:61
BRDA:59,0,0,37
BRDA:65,1,0,21
BRDA:65,2,0,34
BRDA:111,3,0,21
BRDA:111,4,0,21
BRDA:111,5,0,21
BRDA:111,6,0,21
BRDA:67,7,0,18
BRDA:70,8,0,18
BRDA:78,9,0,14
BRDA:90,10,0,4
BRDA:108,11,0,18
BRDA:116,12,0,3
BRDA:117,13,0,3
BRF:14
BRH:14
end_of_record
TN:
SF:src\hooks\useProductsV2.ts
FN:59,useProductsV2
FN:70,fetchProducts
FN:123,refetch
FN:130,goToPage
FN:139,nextPage
FN:148,prevPage
FNF:6
FNH:3
FNDA:52,useProductsV2
FNDA:24,fetchProducts
FNDA:3,refetch
FNDA:0,goToPage
FNDA:0,nextPage
FNDA:0,prevPage
DA:1,1
DA:59,1
DA:60,52
DA:61,52
DA:62,52
DA:63,52
DA:64,52
DA:65,52
DA:67,52
DA:68,24
DA:70,24
DA:71,24
DA:72,24
DA:73,24
DA:75,24
DA:76,24
DA:77,24
DA:78,24
DA:81,20
DA:82,20
DA:83,20
DA:84,20
DA:85,20
DA:86,20
DA:87,20
DA:88,20
DA:89,20
DA:90,24
DA:91,4
DA:93,4
DA:95,4
DA:96,4
DA:97,4
DA:98,24
DA:99,24
DA:100,24
DA:101,24
DA:102,24
DA:103,24
DA:105,24
DA:108,24
DA:109,24
DA:110,24
DA:111,52
DA:114,52
DA:115,21
DA:116,1
DA:117,1
DA:118,52
DA:123,52
DA:124,3
DA:125,3
DA:130,52
DA:131,0
DA:132,0
DA:133,0
DA:134,0
DA:139,52
DA:140,0
DA:141,0
DA:142,0
DA:143,0
DA:148,52
DA:149,0
DA:150,0
DA:151,0
DA:152,0
DA:154,52
DA:155,52
DA:156,52
DA:157,52
DA:158,52
DA:159,52
DA:160,52
DA:161,52
DA:162,52
DA:163,52
DA:164,52
LF:78
LH:66
BRDA:59,0,0,52
BRDA:65,1,0,27
BRDA:65,2,0,48
BRDA:111,3,0,27
BRDA:111,4,0,27
BRDA:111,5,0,27
BRDA:118,6,0,27
BRDA:67,7,0,24
BRDA:70,8,0,24
BRDA:78,9,0,20
BRDA:90,10,0,4
BRDA:108,11,0,24
BRDA:114,12,0,21
BRDA:115,13,0,10
BRDA:115,14,0,10
BRDA:115,15,0,1
BRDA:123,16,0,3
BRDA:124,17,0,3
BRF:18
BRH:18
end_of_record
TN:
SF:src\hooks\useProductsV3.ts
FN:31,useProductsV3
FN:50,fetchProducts
FN:91,refetch
FN:95,goToPage
FN:101,nextPage
FN:107,prevPage
FNF:6
FNH:3
FNDA:35,useProductsV3
FNDA:16,fetchProducts
FNDA:1,refetch
FNDA:0,goToPage
FNDA:0,nextPage
FNDA:0,prevPage
DA:1,1
DA:31,1
DA:32,35
DA:33,35
DA:34,35
DA:35,35
DA:36,35
DA:37,35
DA:38,35
DA:39,35
DA:40,35
DA:42,35
DA:43,35
DA:44,35
DA:45,35
DA:47,35
DA:48,16
DA:50,16
DA:51,16
DA:52,16
DA:53,16
DA:55,16
DA:56,16
DA:57,16
DA:58,16
DA:60,16
DA:61,16
DA:62,16
DA:64,16
DA:66,16
DA:67,15
DA:68,15
DA:69,15
DA:70,15
DA:71,15
DA:72,15
DA:73,16
DA:74,0
DA:75,0
DA:76,0
DA:77,16
DA:78,16
DA:79,15
DA:80,15
DA:81,16
DA:82,16
DA:84,16
DA:86,16
DA:87,16
DA:88,16
DA:89,35
DA:91,35
DA:92,1
DA:93,1
DA:95,35
DA:96,0
DA:97,0
DA:98,0
DA:99,0
DA:101,35
DA:102,0
DA:103,0
DA:104,0
DA:105,0
DA:107,35
DA:108,0
DA:109,0
DA:110,0
DA:111,0
DA:113,35
DA:114,35
DA:115,35
DA:116,35
DA:117,35
DA:118,35
DA:119,35
DA:120,35
DA:121,35
DA:122,35
DA:123,35
DA:124,35
DA:125,35
DA:126,35
LF:83
LH:68
BRDA:31,0,0,35
BRDA:42,1,0,17
BRDA:47,2,0,16
BRDA:50,3,0,16
BRDA:60,4,0,0
BRDA:61,5,0,0
BRDA:62,6,0,4
BRDA:66,7,0,15
BRDA:73,8,0,0
BRDA:78,9,0,15
BRDA:86,10,0,16
BRDA:91,11,0,1
BRDA:92,12,0,1
BRF:13
BRH:10
end_of_record
TN:
SF:src\pages\ProductsPage.tsx
FN:1,(empty-report)
FNF:1
FNH:0
FNDA:0,(empty-report)
DA:1,0
DA:29,0
DA:30,0
DA:31,0
DA:33,0
DA:34,0
DA:35,0
DA:36,0
DA:37,0
DA:38,0
DA:40,0
DA:41,0
DA:42,0
DA:43,0
DA:44,0
DA:47,0
DA:48,0
DA:49,0
DA:50,0
DA:52,0
LF:20
LH:0
BRDA:1,0,0,0
BRF:1
BRH:0
end_of_record
TN:
SF:src\pages\ProductsPageV2.tsx
FN:1,(empty-report)
FNF:1
FNH:0
FNDA:0,(empty-report)
DA:1,0
DA:25,0
DA:26,0
DA:27,0
DA:29,0
DA:30,0
DA:31,0
DA:32,0
DA:33,0
DA:35,0
DA:36,0
DA:38,0
DA:39,0
DA:40,0
DA:41,0
DA:42,0
DA:45,0
DA:46,0
DA:47,0
DA:48,0
DA:50,0
LF:21
LH:0
BRDA:1,0,0,0
BRF:1
BRH:0
end_of_record
TN:
SF:src\pages\ProductsPageV3.tsx
FN:1,(empty-report)
FNF:1
FNH:0
FNDA:0,(empty-report)
DA:1,0
DA:6,0
DA:7,0
DA:8,0
DA:9,0
DA:10,0
DA:12,0
LF:7
LH:0
BRDA:1,0,0,0
BRF:1
BRH:0
end_of_record
TN:
SF:src\services\categories.service.ts
FN:11,getAllCategories
FN:18,getCategoryById
FN:25,createCategory
FN:37,updateCategory
FN:49,deleteCategory
FNF:5
FNH:5
FNDA:27,getAllCategories
FNDA:2,getCategoryById
FNDA:9,createCategory
FNDA:7,updateCategory
FNDA:5,deleteCategory
DA:1,1
DA:7,1
DA:11,1
DA:12,27
DA:13,27
DA:18,1
DA:19,2
DA:20,2
DA:25,1
DA:27,9
DA:28,3
DA:29,3
DA:31,6
DA:32,9
DA:37,1
DA:39,7
DA:40,2
DA:41,2
DA:43,5
DA:44,7
DA:49,1
DA:50,5
DA:51,5
DA:52,1
LF:24
LH:24
BRDA:11,0,0,27
BRDA:18,1,0,2
BRDA:25,2,0,9
BRDA:27,3,0,7
BRDA:27,4,0,6
BRDA:27,5,0,3
BRDA:37,6,0,7
BRDA:39,7,0,6
BRDA:39,8,0,5
BRDA:39,9,0,2
BRDA:49,10,0,5
BRF:11
BRH:11
end_of_record
TN:
SF:src\services\products.service.ts
FN:45,getAllProducts
FNF:1
FNH:1
FNDA:18,getAllProducts
DA:1,1
DA:32,1
DA:45,1
DA:48,18
DA:49,18
DA:63,1
LF:6
LH:6
BRDA:45,0,0,18
BRF:1
BRH:1
end_of_record
TN:
SF:src\services\products.v2.service.ts
FN:36,getAllProductsV2
FNF:1
FNH:1
FNDA:24,getAllProductsV2
DA:1,1
DA:29,1
DA:36,1
DA:37,24
DA:38,24
DA:39,1
LF:6
LH:6
BRDA:36,0,0,24
BRF:1
BRH:1
end_of_record
TN:
SF:src\services\products.v3.service.ts
FN:18,getAllProducts
FN:25,getProductById
FN:32,createProduct
FN:44,updateProduct
FN:56,patchProduct
FN:63,deleteProduct
FNF:6
FNH:1
FNDA:20,getAllProducts
FNDA:0,getProductById
FNDA:0,createProduct
FNDA:0,updateProduct
FNDA:0,patchProduct
FNDA:0,deleteProduct
DA:1,1
DA:14,1
DA:18,1
DA:19,20
DA:20,20
DA:25,1
DA:26,0
DA:27,0
DA:32,1
DA:34,0
DA:35,0
DA:36,0
DA:38,0
DA:39,0
DA:44,1
DA:46,0
DA:47,0
DA:48,0
DA:50,0
DA:51,0
DA:56,1
DA:57,0
DA:58,0
DA:63,1
DA:64,0
DA:65,0
DA:66,1
LF:27
LH:11
BRDA:18,0,0,20
BRF:1
BRH:1
end_of_record
TN:
SF:src\test\utils.ts
FN:5,renderWithProviders
FNF:1
FNH:1
FNDA:34,renderWithProviders
DA:1,1
DA:5,1
DA:6,34
DA:7,34
LF:4
LH:4
BRDA:5,0,0,34
BRF:1
BRH:1
end_of_record
TN:
SF:src\test\mocks\handlers.ts
FN:16,buildPaginatedResponse
FNF:1
FNH:1
FNDA:41,buildPaginatedResponse
DA:1,1
DA:9,1
DA:12,1
DA:13,1
DA:16,1
DA:17,41
DA:18,41
DA:19,41
DA:20,41
DA:21,41
DA:22,41
DA:24,1
DA:26,1
DA:27,0
DA:29,0
DA:30,0
DA:31,0
DA:33,0
DA:34,1
DA:37,1
DA:38,6
DA:40,6
DA:41,6
DA:42,6
DA:44,6
DA:45,1
DA:48,1
DA:49,0
DA:51,0
DA:52,0
DA:53,0
DA:55,0
DA:56,1
DA:59,1
DA:60,10
DA:62,10
DA:63,10
DA:64,10
DA:66,10
DA:67,1
DA:70,1
DA:71,0
DA:72,0
DA:73,1
DA:75,1
DA:76,28
DA:77,28
DA:78,1
DA:81,1
DA:82,0
DA:84,0
DA:85,0
DA:87,0
DA:88,0
DA:89,0
DA:90,0
DA:91,0
DA:92,0
DA:94,0
DA:95,1
DA:97,1
DA:98,4
DA:100,4
DA:101,4
DA:103,4
DA:104,2
DA:105,2
DA:106,2
DA:107,2
DA:108,2
DA:110,2
DA:111,1
DA:114,1
DA:115,0
DA:117,0
DA:120,0
DA:121,0
DA:122,0
DA:123,0
DA:124,0
DA:125,0
DA:126,0
DA:128,0
DA:129,0
DA:130,0
DA:131,0
DA:132,0
DA:133,0
DA:135,0
DA:136,0
DA:137,1
DA:139,1
DA:140,8
DA:142,8
DA:145,8
DA:146,8
DA:147,2
DA:148,2
DA:149,2
DA:150,2
DA:151,2
DA:153,6
DA:154,6
DA:155,6
DA:156,6
DA:157,6
DA:158,6
DA:160,6
DA:161,6
DA:162,1
DA:165,1
DA:166,0
DA:168,0
DA:169,0
DA:171,0
DA:172,0
DA:173,0
DA:174,0
DA:175,0
DA:176,0
DA:177,0
DA:180,0
DA:181,0
DA:182,0
DA:183,0
DA:184,0
DA:185,0
DA:186,0
DA:188,0
DA:189,0
DA:190,0
DA:191,0
DA:192,0
DA:194,0
DA:195,1
DA:197,1
DA:198,8
DA:200,8
DA:201,8
DA:203,8
DA:204,8
DA:205,3
DA:206,3
DA:207,3
DA:208,3
DA:209,3
DA:212,5
DA:213,8
DA:214,1
DA:215,1
DA:216,1
DA:217,1
DA:218,1
DA:220,4
DA:221,4
DA:222,4
DA:223,4
DA:224,4
DA:226,4
DA:227,1
DA:230,1
DA:231,0
DA:233,0
DA:234,0
DA:236,0
DA:237,0
DA:238,0
DA:239,0
DA:240,0
DA:241,0
DA:244,0
DA:245,0
DA:246,0
DA:247,0
DA:248,0
DA:249,0
DA:250,0
DA:252,0
DA:253,0
DA:254,1
DA:256,1
DA:257,8
DA:259,8
DA:260,8
DA:262,8
DA:263,2
DA:264,2
DA:265,2
DA:266,2
DA:267,2
DA:270,6
DA:271,8
DA:272,3
DA:273,3
DA:274,3
DA:275,3
DA:276,3
DA:278,3
DA:279,3
DA:280,1
DA:283,1
DA:284,0
DA:286,0
DA:287,0
DA:288,0
DA:289,0
DA:291,0
DA:292,0
DA:293,0
DA:294,0
DA:296,0
DA:297,1
DA:299,1
DA:300,25
DA:302,25
DA:303,25
DA:304,25
DA:305,25
DA:307,25
DA:308,25
DA:309,7
DA:310,7
DA:312,25
DA:313,1
DA:314,1
LF:225
LH:135
BRDA:16,0,0,41
BRDA:37,1,0,6
BRDA:38,2,0,0
BRDA:41,3,0,0
BRDA:42,4,0,3
BRDA:59,5,0,10
BRDA:60,6,0,0
BRDA:63,7,0,0
BRDA:64,8,0,6
BRDA:75,9,0,28
BRDA:76,10,0,0
BRDA:97,11,0,4
BRDA:98,12,0,0
BRDA:103,13,0,2
BRDA:101,14,0,12
BRDA:139,15,0,8
BRDA:140,16,0,0
BRDA:146,17,0,7
BRDA:146,18,0,2
BRDA:151,19,0,6
BRDA:145,20,0,34
BRDA:197,21,0,8
BRDA:198,22,0,0
BRDA:204,23,0,7
BRDA:204,24,0,3
BRDA:209,25,0,5
BRDA:213,26,0,6
BRDA:213,27,0,1
BRDA:218,28,0,4
BRDA:203,29,0,26
BRDA:212,30,0,25
BRDA:212,31,0,20
BRDA:256,32,0,8
BRDA:257,33,0,0
BRDA:262,34,0,2
BRDA:267,35,0,6
BRDA:271,36,0,3
BRDA:260,37,0,29
BRDA:270,38,0,12
BRDA:299,39,0,25
BRDA:300,40,0,0
BRDA:303,41,0,7
BRDA:304,42,0,7
BRDA:308,43,0,7
BRDA:309,44,0,21
BRF:45
BRH:35
end_of_record
TN:
SF:src\utils\constants.ts
FNF:0
FNH:0
DA:16,1
DA:25,1
DA:30,1
DA:35,1
DA:40,1
DA:49,1
DA:54,1
DA:59,1
DA:68,1
DA:73,1
DA:78,1
DA:87,1
DA:92,1
DA:97,1
DA:102,1
DA:107,1
DA:112,1
DA:121,1
DA:126,1
DA:131,1
LF:20
LH:20
BRF:0
BRH:0
end_of_record
TN:
SF:src\utils\error-handlers.ts
FN:30,transformErrorMessage
FN:55,mapHttpErrorToMessage
FN:102,mapGenericErrorToMessage
FN:141,capitalize
FN:155,extractFieldErrors
FN:177,isNetworkError
FN:195,isValidationError
FN:208,isServerError
FNF:8
FNH:8
FNDA:33,transformErrorMessage
FNDA:23,mapHttpErrorToMessage
FNDA:9,mapGenericErrorToMessage
FNDA:1,capitalize
FNDA:3,extractFieldErrors
FNDA:5,isNetworkError
FNDA:4,isValidationError
FNDA:4,isServerError
DA:1,1
DA:30,1
DA:31,33
DA:32,33
DA:33,33
DA:35,33
DA:36,23
DA:37,23
DA:40,25
DA:41,9
DA:42,9
DA:45,1
DA:46,1
DA:55,23
DA:56,23
DA:58,23
DA:59,23
DA:60,2
DA:62,23
DA:63,1
DA:65,23
DA:66,1
DA:68,23
DA:69,1
DA:71,23
DA:72,1
DA:74,23
DA:75,2
DA:77,23
DA:78,1
DA:80,23
DA:81,9
DA:83,23
DA:84,23
DA:85,2
DA:87,23
DA:88,1
DA:90,23
DA:91,2
DA:92,23
DA:93,23
DA:102,9
DA:103,9
DA:104,9
DA:107,9
DA:108,2
DA:109,2
DA:112,9
DA:113,2
DA:114,2
DA:117,9
DA:118,1
DA:119,1
DA:122,9
DA:123,1
DA:124,1
DA:127,9
DA:128,2
DA:129,2
DA:132,1
DA:133,1
DA:141,1
DA:142,1
DA:143,1
DA:155,1
DA:156,3
DA:157,1
DA:158,1
DA:160,3
DA:161,3
DA:162,1
DA:163,1
DA:165,1
DA:166,2
DA:167,2
DA:168,1
DA:169,1
DA:177,1
DA:178,5
DA:179,4
DA:180,4
DA:181,4
DA:182,3
DA:183,2
DA:185,4
DA:186,1
DA:187,1
DA:195,1
DA:196,4
DA:197,3
DA:198,3
DA:199,1
DA:200,1
DA:208,1
DA:209,4
DA:210,3
DA:211,3
DA:212,1
DA:213,1
LF:99
LH:99
BRDA:30,0,0,33
BRDA:35,1,0,23
BRDA:37,2,0,25
BRDA:37,3,0,10
BRDA:40,4,0,9
BRDA:42,5,0,1
BRDA:55,6,0,23
BRDA:56,7,0,12
BRDA:59,8,0,2
BRDA:60,9,0,1
BRDA:60,10,0,1
BRDA:62,11,0,1
BRDA:65,12,0,1
BRDA:68,13,0,1
BRDA:71,14,0,1
BRDA:74,15,0,2
BRDA:75,16,0,1
BRDA:75,17,0,1
BRDA:77,18,0,1
BRDA:80,19,0,9
BRDA:83,20,0,1
BRDA:84,21,0,2
BRDA:87,22,0,1
BRDA:90,23,0,2
BRDA:91,24,0,1
BRDA:91,25,0,1
BRDA:102,26,0,9
BRDA:104,27,0,8
BRDA:107,28,0,8
BRDA:107,29,0,2
BRDA:109,30,0,7
BRDA:112,31,0,6
BRDA:112,32,0,2
BRDA:114,33,0,5
BRDA:117,34,0,1
BRDA:119,35,0,4
BRDA:122,36,0,1
BRDA:124,37,0,3
BRDA:127,38,0,2
BRDA:127,39,0,2
BRDA:129,40,0,1
BRDA:141,41,0,1
BRDA:155,42,0,3
BRDA:156,43,0,1
BRDA:158,44,0,2
BRDA:160,45,0,1
BRDA:161,46,0,1
BRDA:161,47,0,1
BRDA:165,48,0,2
BRDA:177,49,0,5
BRDA:178,50,0,4
BRDA:181,51,0,3
BRDA:182,52,0,2
BRDA:185,53,0,1
BRDA:195,54,0,4
BRDA:196,55,0,3
BRDA:198,56,0,1
BRDA:208,57,0,4
BRDA:209,58,0,3
BRDA:210,59,0,2
BRDA:211,60,0,1
BRF:61
BRH:61
end_of_record
TN:
SF:src\utils\formatters.ts
FN:21,truncateText
FN:37,formatPrice
FN:51,formatDate
FN:67,formatRating
FN:88,formatDiscount
FNF:5
FNH:5
FNDA:7,truncateText
FNDA:79,formatPrice
FNDA:4,formatDate
FNDA:68,formatRating
FNDA:48,formatDiscount
DA:1,1
DA:21,1
DA:22,7
DA:23,7
DA:24,7
DA:37,1
DA:38,79
DA:39,79
DA:51,1
DA:52,4
DA:53,4
DA:67,1
DA:69,68
DA:70,2
DA:71,2
DA:73,66
DA:74,66
DA:75,66
DA:76,66
DA:88,1
DA:89,48
DA:90,48
DA:91,48
LF:23
LH:23
BRDA:21,0,0,7
BRDA:22,1,0,3
BRDA:22,2,0,4
BRDA:23,3,0,2
BRDA:23,4,0,2
BRDA:37,5,0,79
BRDA:51,6,0,4
BRDA:67,7,0,68
BRDA:69,8,0,2
BRDA:71,9,0,66
BRDA:88,10,0,48
BRF:11
BRH:11
end_of_record
TN:
SF:src\utils\pagination.ts
FN:19,calculatePageStartIndex
FN:35,calculatePageEndIndex
FN:53,shouldShowPagination
FN:69,generatePageRange
FN:99,formatPaginationInfo
FNF:5
FNH:5
FNDA:24,calculatePageStartIndex
FNDA:25,calculatePageEndIndex
FNDA:5,shouldShowPagination
FNDA:7,generatePageRange
FNDA:6,formatPaginationInfo
DA:19,1
DA:20,24
DA:21,24
DA:35,1
DA:36,25
DA:37,25
DA:38,25
DA:39,25
DA:40,25
DA:41,25
DA:53,1
DA:54,5
DA:55,5
DA:69,1
DA:70,7
DA:71,7
DA:72,7
DA:73,7
DA:74,7
DA:75,7
DA:76,7
DA:79,7
DA:80,5
DA:81,5
DA:83,7
DA:84,7
DA:99,1
DA:100,6
DA:101,6
DA:102,6
DA:103,6
DA:105,6
DA:106,1
DA:107,1
DA:109,5
DA:110,5
DA:111,5
DA:112,5
LF:38
LH:38
BRDA:19,0,0,24
BRDA:35,1,0,25
BRDA:53,2,0,5
BRDA:69,3,0,7
BRDA:79,4,0,5
BRDA:83,5,0,23
BRDA:99,6,0,6
BRDA:105,7,0,1
BRDA:107,8,0,5
BRF:9
BRH:9
end_of_record
TN:
SF:src\utils\validators.ts
FN:25,isValidEmail
FN:40,isValidProductName
FN:68,isValidProductDescription
FN:96,isValidProductPrice
FN:118,isValidUrl
FN:137,isValidCurrency
FN:153,isPositiveInteger
FN:163,isNonEmptyString
FNF:8
FNH:8
FNDA:8,isValidEmail
FNDA:5,isValidProductName
FNDA:5,isValidProductDescription
FNDA:4,isValidProductPrice
FNDA:6,isValidUrl
FNDA:10,isValidCurrency
FNDA:7,isPositiveInteger
FNDA:6,isNonEmptyString
DA:1,1
DA:25,1
DA:26,8
DA:27,8
DA:28,8
DA:40,1
DA:41,5
DA:42,2
DA:43,2
DA:45,5
DA:46,1
DA:47,1
DA:48,1
DA:49,1
DA:50,1
DA:52,5
DA:53,1
DA:54,1
DA:55,1
DA:56,1
DA:57,1
DA:59,1
DA:60,1
DA:68,1
DA:69,5
DA:70,5
DA:72,5
DA:73,3
DA:74,3
DA:76,5
DA:77,1
DA:78,1
DA:79,1
DA:80,1
DA:81,1
DA:83,1
DA:84,1
DA:96,1
DA:97,4
DA:98,1
DA:99,1
DA:101,4
DA:102,1
DA:103,1
DA:105,2
DA:106,2
DA:118,1
DA:119,6
DA:120,6
DA:121,6
DA:122,6
DA:123,3
DA:124,3
DA:125,6
DA:137,1
DA:138,10
DA:139,10
DA:140,10
DA:153,1
DA:154,7
DA:155,7
DA:163,1
DA:164,6
DA:165,6
LF:64
LH:64
BRDA:25,0,0,8
BRDA:40,1,0,5
BRDA:41,2,0,4
BRDA:41,3,0,2
BRDA:43,4,0,3
BRDA:45,5,0,1
BRDA:50,6,0,2
BRDA:52,7,0,1
BRDA:68,8,0,5
BRDA:72,9,0,2
BRDA:72,10,0,3
BRDA:74,11,0,2
BRDA:76,12,0,1
BRDA:96,13,0,4
BRDA:97,14,0,1
BRDA:99,15,0,3
BRDA:101,16,0,1
BRDA:103,17,0,2
BRDA:118,18,0,6
BRDA:122,19,0,3
BRDA:137,20,0,10
BRDA:153,21,0,7
BRDA:154,22,0,5
BRDA:163,23,0,6
BRF:24
BRH:24
end_of_record
